This is pdfTeX, Version 3.141592653-2.6-1.40.27 (MiKTeX 25.4) (preloaded format=pdflatex 2025.7.5)  9 MAY 2026 17:26
entering extended mode
 restricted \write18 enabled.
 %&-line parsing enabled.
**./module3.tex
(module3.tex
LaTeX2e <2025-06-01> patch level 1
L3 programming layer <2025-06-09>
(C:\Users\danie\AppData\Local\Programs\MiKTeX\tex/latex/beamer\beamer.cls
Document Class: beamer 2025/06/15 v3.74 A class for typesetting presentations

(C:\Users\danie\AppData\Local\Programs\MiKTeX\tex/latex/beamer\beamerbasemodes.
sty
(C:\Users\danie\AppData\Local\Programs\MiKTeX\tex/latex/etoolbox\etoolbox.sty
Package: etoolbox 2025/02/11 v2.5l e-TeX tools for LaTeX (JAW)
\etb@tempcnta=\count275
)
\beamer@tempbox=\box53
\beamer@tempcount=\count276
\c@beamerpauses=\count277

(C:\Users\danie\AppData\Local\Programs\MiKTeX\tex/latex/beamer\beamerbasedecode
.sty
\beamer@slideinframe=\count278
\beamer@minimum=\count279
\beamer@decode@box=\box54
)
\beamer@commentbox=\box55
\beamer@modecount=\count280
)
(C:\Users\danie\AppData\Local\Programs\MiKTeX\tex/generic/iftex\iftex.sty
Package: iftex 2024/12/12 v1.0g TeX engine tests
)
\headdp=\dimen148
\footheight=\dimen149
\sidebarheight=\dimen150
\beamer@tempdim=\dimen151
\beamer@finalheight=\dimen152
\beamer@animht=\dimen153
\beamer@animdp=\dimen154
\beamer@animwd=\dimen155
\beamer@leftmargin=\dimen156
\beamer@rightmargin=\dimen157
\beamer@leftsidebar=\dimen158
\beamer@rightsidebar=\dimen159
\beamer@boxsize=\dimen160
\beamer@vboxoffset=\dimen161
\beamer@descdefault=\dimen162
\beamer@descriptionwidth=\dimen163
\beamer@lastskip=\skip49
\beamer@areabox=\box56
\beamer@animcurrent=\box57
\beamer@animshowbox=\box58
\beamer@sectionbox=\box59
\beamer@logobox=\box60
\beamer@linebox=\box61
\beamer@sectioncount=\count281
\beamer@subsubsectionmax=\count282
\beamer@subsectionmax=\count283
\beamer@sectionmax=\count284
\beamer@totalheads=\count285
\beamer@headcounter=\count286
\beamer@partstartpage=\count287
\beamer@sectionstartpage=\count288
\beamer@subsectionstartpage=\count289
\beamer@animationtempa=\count290
\beamer@animationtempb=\count291
\beamer@xpos=\count292
\beamer@ypos=\count293
\beamer@ypos@offset=\count294
\beamer@showpartnumber=\count295
\beamer@currentsubsection=\count296
\beamer@coveringdepth=\count297
\beamer@sectionadjust=\count298
\beamer@toclastsection=\count299
\beamer@tocsectionnumber=\count300

(C:\Users\danie\AppData\Local\Programs\MiKTeX\tex/latex/beamer\beamerbaseoption
s.sty
(C:\Users\danie\AppData\Local\Programs\MiKTeX\tex/latex/graphics\keyval.sty
Package: keyval 2022/05/29 v1.15 key=value parser (DPC)
\KV@toks@=\toks17
))
\beamer@paperwidth=\skip50
\beamer@paperheight=\skip51

(C:\Users\danie\AppData\Local\Programs\MiKTeX\tex/latex/geometry\geometry.sty
Package: geometry 2020/01/02 v5.9 Page Geometry

(C:\Users\danie\AppData\Local\Programs\MiKTeX\tex/generic/iftex\ifvtex.sty
Package: ifvtex 2019/10/25 v1.7 ifvtex legacy package. Use iftex instead.
)
\Gm@cnth=\count301
\Gm@cntv=\count302
\c@Gm@tempcnt=\count303
\Gm@bindingoffset=\dimen164
\Gm@wd@mp=\dimen165
\Gm@odd@mp=\dimen166
\Gm@even@mp=\dimen167
\Gm@layoutwidth=\dimen168
\Gm@layoutheight=\dimen169
\Gm@layouthoffset=\dimen170
\Gm@layoutvoffset=\dimen171
\Gm@dimlist=\toks18

(C:\Users\danie\AppData\Local\Programs\MiKTeX\tex/latex/geometry\geometry.cfg))
(C:\Users\danie\AppData\Local\Programs\MiKTeX\tex/latex/pgf/math\pgfmath.sty
(C:\Users\danie\AppData\Local\Programs\MiKTeX\tex/latex/pgf/utilities\pgfrcs.st
y
(C:\Users\danie\AppData\Local\Programs\MiKTeX\tex/generic/pgf/utilities\pgfutil
-common.tex
\pgfutil@everybye=\toks19
\pgfutil@tempdima=\dimen172
\pgfutil@tempdimb=\dimen173
)
(C:\Users\danie\AppData\Local\Programs\MiKTeX\tex/generic/pgf/utilities\pgfutil
-latex.def
\pgfutil@abb=\box62
)
(C:\Users\danie\AppData\Local\Programs\MiKTeX\tex/generic/pgf/utilities\pgfrcs.
code.tex
(C:\Users\danie\AppData\Local\Programs\MiKTeX\tex/generic/pgf\pgf.revision.tex)
Package: pgfrcs 2023-01-15 v3.1.10 (3.1.10)
))
(C:\Users\danie\AppData\Local\Programs\MiKTeX\tex/latex/pgf/utilities\pgfkeys.s
ty
(C:\Users\danie\AppData\Local\Programs\MiKTeX\tex/generic/pgf/utilities\pgfkeys
.code.tex
\pgfkeys@pathtoks=\toks20
\pgfkeys@temptoks=\toks21

(C:\Users\danie\AppData\Local\Programs\MiKTeX\tex/generic/pgf/utilities\pgfkeys
libraryfiltered.code.tex
\pgfkeys@tmptoks=\toks22
)))
(C:\Users\danie\AppData\Local\Programs\MiKTeX\tex/generic/pgf/math\pgfmath.code
.tex
(C:\Users\danie\AppData\Local\Programs\MiKTeX\tex/generic/pgf/math\pgfmathutil.
code.tex
\pgf@x=\dimen174
\pgf@xa=\dimen175
\pgf@xb=\dimen176
\pgf@xc=\dimen177
\pgf@y=\dimen178
\pgf@ya=\dimen179
\pgf@yb=\dimen180
\pgf@yc=\dimen181
\c@pgf@counta=\count304
\c@pgf@countb=\count305
\c@pgf@countc=\count306
\c@pgf@countd=\count307
)
(C:\Users\danie\AppData\Local\Programs\MiKTeX\tex/generic/pgf/math\pgfmathparse
r.code.tex
\pgfmath@dimen=\dimen182
\pgfmath@count=\count308
\pgfmath@box=\box63
\pgfmath@toks=\toks23
\pgfmath@stack@operand=\toks24
\pgfmath@stack@operation=\toks25
)
(C:\Users\danie\AppData\Local\Programs\MiKTeX\tex/generic/pgf/math\pgfmathfunct
ions.code.tex)
(C:\Users\danie\AppData\Local\Programs\MiKTeX\tex/generic/pgf/math\pgfmathfunct
ions.basic.code.tex)
(C:\Users\danie\AppData\Local\Programs\MiKTeX\tex/generic/pgf/math\pgfmathfunct
ions.trigonometric.code.tex)
(C:\Users\danie\AppData\Local\Programs\MiKTeX\tex/generic/pgf/math\pgfmathfunct
ions.random.code.tex)
(C:\Users\danie\AppData\Local\Programs\MiKTeX\tex/generic/pgf/math\pgfmathfunct
ions.comparison.code.tex)
(C:\Users\danie\AppData\Local\Programs\MiKTeX\tex/generic/pgf/math\pgfmathfunct
ions.base.code.tex)
(C:\Users\danie\AppData\Local\Programs\MiKTeX\tex/generic/pgf/math\pgfmathfunct
ions.round.code.tex)
(C:\Users\danie\AppData\Local\Programs\MiKTeX\tex/generic/pgf/math\pgfmathfunct
ions.misc.code.tex)
(C:\Users\danie\AppData\Local\Programs\MiKTeX\tex/generic/pgf/math\pgfmathfunct
ions.integerarithmetics.code.tex)
(C:\Users\danie\AppData\Local\Programs\MiKTeX\tex/generic/pgf/math\pgfmathcalc.
code.tex)
(C:\Users\danie\AppData\Local\Programs\MiKTeX\tex/generic/pgf/math\pgfmathfloat
.code.tex
\c@pgfmathroundto@lastzeros=\count309
)))
(C:\Users\danie\AppData\Local\Programs\MiKTeX\tex/latex/base\size11.clo
File: size11.clo 2025/01/22 v1.4n Standard LaTeX file (size option)
)
(C:\Users\danie\AppData\Local\Programs\MiKTeX\tex/latex/pgf/basiclayer\pgfcore.
sty
(C:\Users\danie\AppData\Local\Programs\MiKTeX\tex/latex/graphics\graphicx.sty
Package: graphicx 2024/12/31 v1.2e Enhanced LaTeX Graphics (DPC,SPQR)

(C:\Users\danie\AppData\Local\Programs\MiKTeX\tex/latex/graphics\graphics.sty
Package: graphics 2024/08/06 v1.4g Standard LaTeX Graphics (DPC,SPQR)

(C:\Users\danie\AppData\Local\Programs\MiKTeX\tex/latex/graphics\trig.sty
Package: trig 2023/12/02 v1.11 sin cos tan (DPC)
)
(C:\Users\danie\AppData\Local\Programs\MiKTeX\tex/latex/graphics-cfg\graphics.c
fg
File: graphics.cfg 2016/06/04 v1.11 sample graphics configuration
)
Package graphics Info: Driver file: pdftex.def on input line 106.

(C:\Users\danie\AppData\Local\Programs\MiKTeX\tex/latex/graphics-def\pdftex.def
File: pdftex.def 2024/04/13 v1.2c Graphics/color driver for pdftex
))
\Gin@req@height=\dimen183
\Gin@req@width=\dimen184
)
(C:\Users\danie\AppData\Local\Programs\MiKTeX\tex/latex/pgf/systemlayer\pgfsys.
sty
(C:\Users\danie\AppData\Local\Programs\MiKTeX\tex/generic/pgf/systemlayer\pgfsy
s.code.tex
Package: pgfsys 2023-01-15 v3.1.10 (3.1.10)
\pgf@x=\dimen185
\pgf@y=\dimen186
\pgf@xa=\dimen187
\pgf@ya=\dimen188
\pgf@xb=\dimen189
\pgf@yb=\dimen190
\pgf@xc=\dimen191
\pgf@yc=\dimen192
\pgf@xd=\dimen193
\pgf@yd=\dimen194
\w@pgf@writea=\write3
\r@pgf@reada=\read2
\c@pgf@counta=\count310
\c@pgf@countb=\count311
\c@pgf@countc=\count312
\c@pgf@countd=\count313
\t@pgf@toka=\toks26
\t@pgf@tokb=\toks27
\t@pgf@tokc=\toks28
\pgf@sys@id@count=\count314

(C:\Users\danie\AppData\Local\Programs\MiKTeX\tex/generic/pgf/systemlayer\pgf.c
fg
File: pgf.cfg 2023-01-15 v3.1.10 (3.1.10)
)
Driver file for pgf: pgfsys-pdftex.def

(C:\Users\danie\AppData\Local\Programs\MiKTeX\tex/generic/pgf/systemlayer\pgfsy
s-pdftex.def
File: pgfsys-pdftex.def 2023-01-15 v3.1.10 (3.1.10)

(C:\Users\danie\AppData\Local\Programs\MiKTeX\tex/generic/pgf/systemlayer\pgfsy
s-common-pdf.def
File: pgfsys-common-pdf.def 2023-01-15 v3.1.10 (3.1.10)
)))
(C:\Users\danie\AppData\Local\Programs\MiKTeX\tex/generic/pgf/systemlayer\pgfsy
ssoftpath.code.tex
File: pgfsyssoftpath.code.tex 2023-01-15 v3.1.10 (3.1.10)
\pgfsyssoftpath@smallbuffer@items=\count315
\pgfsyssoftpath@bigbuffer@items=\count316
)
(C:\Users\danie\AppData\Local\Programs\MiKTeX\tex/generic/pgf/systemlayer\pgfsy
sprotocol.code.tex
File: pgfsysprotocol.code.tex 2023-01-15 v3.1.10 (3.1.10)
))
(C:\Users\danie\AppData\Local\Programs\MiKTeX\tex/latex/xcolor\xcolor.sty
Package: xcolor 2024/09/29 v3.02 LaTeX color extensions (UK)

(C:\Users\danie\AppData\Local\Programs\MiKTeX\tex/latex/graphics-cfg\color.cfg
File: color.cfg 2016/01/02 v1.6 sample color configuration
)
Package xcolor Info: Driver file: pdftex.def on input line 274.
(C:\Users\danie\AppData\Local\Programs\MiKTeX\tex/latex/graphics\mathcolor.ltx)
Package xcolor Info: Model `cmy' substituted by `cmy0' on input line 1349.
Package xcolor Info: Model `hsb' substituted by `rgb' on input line 1353.
Package xcolor Info: Model `RGB' extended on input line 1365.
Package xcolor Info: Model `HTML' substituted by `rgb' on input line 1367.
Package xcolor Info: Model `Hsb' substituted by `hsb' on input line 1368.
Package xcolor Info: Model `tHsb' substituted by `hsb' on input line 1369.
Package xcolor Info: Model `HSB' substituted by `hsb' on input line 1370.
Package xcolor Info: Model `Gray' substituted by `gray' on input line 1371.
Package xcolor Info: Model `wave' substituted by `hsb' on input line 1372.
) (C:\Users\danie\AppData\Local\Programs\MiKTeX\tex/latex/graphics\dvipsnam.def
File: dvipsnam.def 2016/06/17 v3.0m Driver-dependent file (DPC,SPQR)
)
(C:\Users\danie\AppData\Local\Programs\MiKTeX\tex/generic/pgf/basiclayer\pgfcor
e.code.tex
Package: pgfcore 2023-01-15 v3.1.10 (3.1.10)

(C:\Users\danie\AppData\Local\Programs\MiKTeX\tex/generic/pgf/math\pgfint.code.
tex)
(C:\Users\danie\AppData\Local\Programs\MiKTeX\tex/generic/pgf/basiclayer\pgfcor
epoints.code.tex
File: pgfcorepoints.code.tex 2023-01-15 v3.1.10 (3.1.10)
\pgf@picminx=\dimen195
\pgf@picmaxx=\dimen196
\pgf@picminy=\dimen197
\pgf@picmaxy=\dimen198
\pgf@pathminx=\dimen199
\pgf@pathmaxx=\dimen256
\pgf@pathminy=\dimen257
\pgf@pathmaxy=\dimen258
\pgf@xx=\dimen259
\pgf@xy=\dimen260
\pgf@yx=\dimen261
\pgf@yy=\dimen262
\pgf@zx=\dimen263
\pgf@zy=\dimen264
)
(C:\Users\danie\AppData\Local\Programs\MiKTeX\tex/generic/pgf/basiclayer\pgfcor
epathconstruct.code.tex
File: pgfcorepathconstruct.code.tex 2023-01-15 v3.1.10 (3.1.10)
\pgf@path@lastx=\dimen265
\pgf@path@lasty=\dimen266
)
(C:\Users\danie\AppData\Local\Programs\MiKTeX\tex/generic/pgf/basiclayer\pgfcor
epathusage.code.tex
File: pgfcorepathusage.code.tex 2023-01-15 v3.1.10 (3.1.10)
\pgf@shorten@end@additional=\dimen267
\pgf@shorten@start@additional=\dimen268
)
(C:\Users\danie\AppData\Local\Programs\MiKTeX\tex/generic/pgf/basiclayer\pgfcor
escopes.code.tex
File: pgfcorescopes.code.tex 2023-01-15 v3.1.10 (3.1.10)
\pgfpic=\box64
\pgf@hbox=\box65
\pgf@layerbox@main=\box66
\pgf@picture@serial@count=\count317
)
(C:\Users\danie\AppData\Local\Programs\MiKTeX\tex/generic/pgf/basiclayer\pgfcor
egraphicstate.code.tex
File: pgfcoregraphicstate.code.tex 2023-01-15 v3.1.10 (3.1.10)
\pgflinewidth=\dimen269
)
(C:\Users\danie\AppData\Local\Programs\MiKTeX\tex/generic/pgf/basiclayer\pgfcor
etransformations.code.tex
File: pgfcoretransformations.code.tex 2023-01-15 v3.1.10 (3.1.10)
\pgf@pt@x=\dimen270
\pgf@pt@y=\dimen271
\pgf@pt@temp=\dimen272
)
(C:\Users\danie\AppData\Local\Programs\MiKTeX\tex/generic/pgf/basiclayer\pgfcor
equick.code.tex
File: pgfcorequick.code.tex 2023-01-15 v3.1.10 (3.1.10)
)
(C:\Users\danie\AppData\Local\Programs\MiKTeX\tex/generic/pgf/basiclayer\pgfcor
eobjects.code.tex
File: pgfcoreobjects.code.tex 2023-01-15 v3.1.10 (3.1.10)
)
(C:\Users\danie\AppData\Local\Programs\MiKTeX\tex/generic/pgf/basiclayer\pgfcor
epathprocessing.code.tex
File: pgfcorepathprocessing.code.tex 2023-01-15 v3.1.10 (3.1.10)
)
(C:\Users\danie\AppData\Local\Programs\MiKTeX\tex/generic/pgf/basiclayer\pgfcor
earrows.code.tex
File: pgfcorearrows.code.tex 2023-01-15 v3.1.10 (3.1.10)
\pgfarrowsep=\dimen273
)
(C:\Users\danie\AppData\Local\Programs\MiKTeX\tex/generic/pgf/basiclayer\pgfcor
eshade.code.tex
File: pgfcoreshade.code.tex 2023-01-15 v3.1.10 (3.1.10)
\pgf@max=\dimen274
\pgf@sys@shading@range@num=\count318
\pgf@shadingcount=\count319
)
(C:\Users\danie\AppData\Local\Programs\MiKTeX\tex/generic/pgf/basiclayer\pgfcor
eimage.code.tex
File: pgfcoreimage.code.tex 2023-01-15 v3.1.10 (3.1.10)
)
(C:\Users\danie\AppData\Local\Programs\MiKTeX\tex/generic/pgf/basiclayer\pgfcor
eexternal.code.tex
File: pgfcoreexternal.code.tex 2023-01-15 v3.1.10 (3.1.10)
\pgfexternal@startupbox=\box67
)
(C:\Users\danie\AppData\Local\Programs\MiKTeX\tex/generic/pgf/basiclayer\pgfcor
elayers.code.tex
File: pgfcorelayers.code.tex 2023-01-15 v3.1.10 (3.1.10)
)
(C:\Users\danie\AppData\Local\Programs\MiKTeX\tex/generic/pgf/basiclayer\pgfcor
etransparency.code.tex
File: pgfcoretransparency.code.tex 2023-01-15 v3.1.10 (3.1.10)
)
(C:\Users\danie\AppData\Local\Programs\MiKTeX\tex/generic/pgf/basiclayer\pgfcor
epatterns.code.tex
File: pgfcorepatterns.code.tex 2023-01-15 v3.1.10 (3.1.10)
)
(C:\Users\danie\AppData\Local\Programs\MiKTeX\tex/generic/pgf/basiclayer\pgfcor
erdf.code.tex
File: pgfcorerdf.code.tex 2023-01-15 v3.1.10 (3.1.10)
)))
(C:\Users\danie\AppData\Local\Programs\MiKTeX\tex/latex/pgf/utilities\xxcolor.s
ty
Package: xxcolor 2003/10/24 ver 0.1
\XC@nummixins=\count320
\XC@countmixins=\count321
)
(C:\Users\danie\AppData\Local\Programs\MiKTeX\tex/latex/base\atbegshi-ltx.sty
Package: atbegshi-ltx 2021/01/10 v1.0c Emulation of the original atbegshi
package with kernel methods
)
(C:\Users\danie\AppData\Local\Programs\MiKTeX\tex/latex/hyperref\hyperref.sty
Package: hyperref 2025-06-21 v7.01n Hypertext links for LaTeX

(C:\Users\danie\AppData\Local\Programs\MiKTeX\tex/latex/kvsetkeys\kvsetkeys.sty
Package: kvsetkeys 2022-10-05 v1.19 Key value parser (HO)
)
(C:\Users\danie\AppData\Local\Programs\MiKTeX\tex/generic/kvdefinekeys\kvdefine
keys.sty
Package: kvdefinekeys 2019-12-19 v1.6 Define keys (HO)
)
(C:\Users\danie\AppData\Local\Programs\MiKTeX\tex/generic/pdfescape\pdfescape.s
ty
Package: pdfescape 2019/12/09 v1.15 Implements pdfTeX's escape features (HO)

(C:\Users\danie\AppData\Local\Programs\MiKTeX\tex/generic/ltxcmds\ltxcmds.sty
Package: ltxcmds 2023-12-04 v1.26 LaTeX kernel commands for general use (HO)
)
(C:\Users\danie\AppData\Local\Programs\MiKTeX\tex/generic/pdftexcmds\pdftexcmds
.sty
Package: pdftexcmds 2020-06-27 v0.33 Utility functions of pdfTeX for LuaTeX (HO
)

(C:\Users\danie\AppData\Local\Programs\MiKTeX\tex/generic/infwarerr\infwarerr.s
ty
Package: infwarerr 2019/12/03 v1.5 Providing info/warning/error messages (HO)
)
Package pdftexcmds Info: \pdf@primitive is available.
Package pdftexcmds Info: \pdf@ifprimitive is available.
Package pdftexcmds Info: \pdfdraftmode found.
))
(C:\Users\danie\AppData\Local\Programs\MiKTeX\tex/latex/hycolor\hycolor.sty
Package: hycolor 2020-01-27 v1.10 Color options for hyperref/bookmark (HO)
)
(C:\Users\danie\AppData\Local\Programs\MiKTeX\tex/latex/hyperref\nameref.sty
Package: nameref 2025-06-21 v2.57 Cross-referencing by name of section

(C:\Users\danie\AppData\Local\Programs\MiKTeX\tex/latex/refcount\refcount.sty
Package: refcount 2019/12/15 v3.6 Data extraction from label references (HO)
)
(C:\Users\danie\AppData\Local\Programs\MiKTeX\tex/generic/gettitlestring\gettit
lestring.sty
Package: gettitlestring 2019/12/15 v1.6 Cleanup title references (HO)

(C:\Users\danie\AppData\Local\Programs\MiKTeX\tex/latex/kvoptions\kvoptions.sty
Package: kvoptions 2022-06-15 v3.15 Key value format for package options (HO)
))
\c@section@level=\count322
)
(C:\Users\danie\AppData\Local\Programs\MiKTeX\tex/generic/stringenc\stringenc.s
ty
Package: stringenc 2019/11/29 v1.12 Convert strings between diff. encodings (HO
)
)
\@linkdim=\dimen275
\Hy@linkcounter=\count323
\Hy@pagecounter=\count324
 (C:\Users\danie\AppData\Local\Programs\MiKTeX\tex/latex/hyperref\pd1enc.def
File: pd1enc.def 2025-06-21 v7.01n Hyperref: PDFDocEncoding definition (HO)
Now handling font encoding PD1 ...
... no UTF-8 mapping file for font encoding PD1
) (C:\Users\danie\AppData\Local\Programs\MiKTeX\tex/generic/intcalc\intcalc.sty
Package: intcalc 2019/12/15 v1.3 Expandable calculations with integers (HO)
)
\Hy@SavedSpaceFactor=\count325
 (C:\Users\danie\AppData\Local\Programs\MiKTeX\tex/latex/hyperref\puenc.def
File: puenc.def 2025-06-21 v7.01n Hyperref: PDF Unicode definition (HO)
Now handling font encoding PU ...
... no UTF-8 mapping file for font encoding PU
)
Package hyperref Info: Option `bookmarks' set `true' on input line 4052.
Package hyperref Info: Option `bookmarksopen' set `true' on input line 4052.
Package hyperref Info: Option `implicit' set `false' on input line 4052.
Package hyperref Info: Hyper figures OFF on input line 4181.
Package hyperref Info: Link nesting OFF on input line 4186.
Package hyperref Info: Hyper index ON on input line 4189.
Package hyperref Info: Plain pages OFF on input line 4196.
Package hyperref Info: Backreferencing OFF on input line 4201.
Package hyperref Info: Implicit mode OFF; no redefinition of LaTeX internals.
Package hyperref Info: Bookmarks ON on input line 4448.
\c@Hy@tempcnt=\count326

(C:\Users\danie\AppData\Local\Programs\MiKTeX\tex/latex/url\url.sty
\Urlmuskip=\muskip17
Package: url 2013/09/16  ver 3.4  Verb mode for urls, etc.
)
LaTeX Info: Redefining \url on input line 4787.
\XeTeXLinkMargin=\dimen276

(C:\Users\danie\AppData\Local\Programs\MiKTeX\tex/generic/bitset\bitset.sty
Package: bitset 2019/12/09 v1.3 Handle bit-vector datatype (HO)

(C:\Users\danie\AppData\Local\Programs\MiKTeX\tex/generic/bigintcalc\bigintcalc
.sty
Package: bigintcalc 2019/12/15 v1.5 Expandable calculations on big integers (HO
)
))
\Fld@menulength=\count327
\Field@Width=\dimen277
\Fld@charsize=\dimen278
Package hyperref Info: Hyper figures OFF on input line 6066.
Package hyperref Info: Link nesting OFF on input line 6071.
Package hyperref Info: Hyper index ON on input line 6074.
Package hyperref Info: backreferencing OFF on input line 6081.
Package hyperref Info: Link coloring OFF on input line 6086.
Package hyperref Info: Link coloring with OCG OFF on input line 6091.
Package hyperref Info: PDF/A mode OFF on input line 6096.
\Hy@abspage=\count328


Package hyperref Message: Stopped early.

)
Package hyperref Info: Driver (autodetected): hpdftex.
 (C:\Users\danie\AppData\Local\Programs\MiKTeX\tex/latex/hyperref\hpdftex.def
File: hpdftex.def 2025-06-21 v7.01n Hyperref driver for pdfTeX
\Fld@listcount=\count329
\c@bookmark@seq@number=\count330

(C:\Users\danie\AppData\Local\Programs\MiKTeX\tex/latex/rerunfilecheck\rerunfil
echeck.sty
Package: rerunfilecheck 2025-06-21 v1.11 Rerun checks for auxiliary files (HO)

(C:\Users\danie\AppData\Local\Programs\MiKTeX\tex/generic/uniquecounter\uniquec
ounter.sty
Package: uniquecounter 2019/12/15 v1.4 Provide unlimited unique counter (HO)
)
Package uniquecounter Info: New unique counter `rerunfilecheck' on input line 2
84.
))
(C:\Users\danie\AppData\Local\Programs\MiKTeX\tex/latex/beamer\beamerbaserequir
es.sty
(C:\Users\danie\AppData\Local\Programs\MiKTeX\tex/latex/beamer\beamerbasecompat
ibility.sty)
(C:\Users\danie\AppData\Local\Programs\MiKTeX\tex/latex/beamer\beamerbasefont.s
ty (C:\Users\danie\AppData\Local\Programs\MiKTeX\tex/latex/amsfonts\amssymb.sty
Package: amssymb 2013/01/14 v3.01 AMS font symbols
(C:\Users\danie\AppData\Local\Programs\MiKTeX\tex/latex/amsfonts\amsfonts.sty
Package: amsfonts 2013/01/14 v3.01 Basic AMSFonts support
\@emptytoks=\toks29
\symAMSa=\mathgroup4
\symAMSb=\mathgroup5
LaTeX Font Info:    Redeclaring math symbol \hbar on input line 98.
LaTeX Font Info:    Overwriting math alphabet `\mathfrak' in version `bold'
(Font)                  U/euf/m/n --> U/euf/b/n on input line 106.
))
(C:\Users\danie\AppData\Local\Programs\MiKTeX\tex/latex/sansmathaccent\sansmath
accent.sty
Package: sansmathaccent 2020/01/31

(C:\Users\danie\AppData\Local\Programs\MiKTeX\tex/latex/koma-script\scrlfile.st
y
Package: scrlfile 2025/06/04 v3.45 KOMA-Script package (file load hooks)

(C:\Users\danie\AppData\Local\Programs\MiKTeX\tex/latex/koma-script\scrlfile-ho
ok.sty
Package: scrlfile-hook 2025/06/04 v3.45 KOMA-Script package (using LaTeX hooks)


(C:\Users\danie\AppData\Local\Programs\MiKTeX\tex/latex/koma-script\scrlogo.sty
Package: scrlogo 2025/06/04 v3.45 KOMA-Script package (logo)
)))))
(C:\Users\danie\AppData\Local\Programs\MiKTeX\tex/latex/beamer\beamerbasetransl
ator.sty
(C:\Users\danie\AppData\Local\Programs\MiKTeX\tex/latex/translator\translator.s
ty
Package: translator 2021-05-31 v1.12d Easy translation of strings in LaTeX
))
(C:\Users\danie\AppData\Local\Programs\MiKTeX\tex/latex/beamer\beamerbasemisc.s
ty)
(C:\Users\danie\AppData\Local\Programs\MiKTeX\tex/latex/beamer\beamerbasetwoscr
eens.sty)
(C:\Users\danie\AppData\Local\Programs\MiKTeX\tex/latex/beamer\beamerbaseoverla
y.sty
\beamer@argscount=\count331
\beamer@lastskipcover=\skip52
\beamer@trivlistdepth=\count332
)
(C:\Users\danie\AppData\Local\Programs\MiKTeX\tex/latex/beamer\beamerbasetitle.
sty)
(C:\Users\danie\AppData\Local\Programs\MiKTeX\tex/latex/beamer\beamerbasesectio
n.sty
\c@lecture=\count333
\c@part=\count334
\c@section=\count335
\c@subsection=\count336
\c@subsubsection=\count337
)
(C:\Users\danie\AppData\Local\Programs\MiKTeX\tex/latex/beamer\beamerbaseframe.
sty
\beamer@framebox=\box68
\beamer@frametitlebox=\box69
\beamer@zoombox=\box70
\beamer@zoomcount=\count338
\beamer@zoomframecount=\count339
\beamer@frametextheight=\dimen279
\c@subsectionslide=\count340
\beamer@frametopskip=\skip53
\beamer@framebottomskip=\skip54
\beamer@frametopskipautobreak=\skip55
\beamer@framebottomskipautobreak=\skip56
\beamer@envbody=\toks30
\framewidth=\dimen280
\c@framenumber=\count341
)
(C:\Users\danie\AppData\Local\Programs\MiKTeX\tex/latex/beamer\beamerbaseverbat
im.sty
\beamer@verbatimfileout=\write4
)
(C:\Users\danie\AppData\Local\Programs\MiKTeX\tex/latex/beamer\beamerbaseframes
ize.sty
\beamer@splitbox=\box71
\beamer@autobreakcount=\count342
\beamer@autobreaklastheight=\dimen281
\beamer@frametitletoks=\toks31
\beamer@framesubtitletoks=\toks32
)
(C:\Users\danie\AppData\Local\Programs\MiKTeX\tex/latex/beamer\beamerbaseframec
omponents.sty
\beamer@footins=\box72
)
(C:\Users\danie\AppData\Local\Programs\MiKTeX\tex/latex/beamer\beamerbasecolor.
sty)
(C:\Users\danie\AppData\Local\Programs\MiKTeX\tex/latex/beamer\beamerbasenotes.
sty
\beamer@frameboxcopy=\box73
)
(C:\Users\danie\AppData\Local\Programs\MiKTeX\tex/latex/beamer\beamerbasetoc.st
y)
(C:\Users\danie\AppData\Local\Programs\MiKTeX\tex/latex/beamer\beamerbasetempla
tes.sty
\beamer@sbttoks=\toks33

(C:\Users\danie\AppData\Local\Programs\MiKTeX\tex/latex/beamer\beamerbaseauxtem
plates.sty
(C:\Users\danie\AppData\Local\Programs\MiKTeX\tex/latex/beamer\beamerbaseboxes.
sty
\bmb@box=\box74
\bmb@colorbox=\box75
\bmb@boxwidth=\dimen282
\bmb@boxheight=\dimen283
\bmb@prevheight=\dimen284
\bmb@temp=\dimen285
\bmb@dima=\dimen286
\bmb@dimb=\dimen287
\bmb@prevheight=\dimen288
)
\beamer@blockheadheight=\dimen289
))
(C:\Users\danie\AppData\Local\Programs\MiKTeX\tex/latex/beamer\beamerbaselocals
tructure.sty
(C:\Users\danie\AppData\Local\Programs\MiKTeX\tex/latex/tools\enumerate.sty
Package: enumerate 2023/07/04 v3.00 enumerate extensions (DPC)
\@enLab=\toks34
)
\beamer@bibiconwidth=\skip57
\c@figure=\count343
\c@table=\count344
\abovecaptionskip=\skip58
\belowcaptionskip=\skip59
)
(C:\Users\danie\AppData\Local\Programs\MiKTeX\tex/latex/beamer\beamerbasenaviga
tion.sty
(C:\Users\danie\AppData\Local\Programs\MiKTeX\tex/latex/beamer\beamerbasenaviga
tionsymbols.tex)
\beamer@section@min@dim=\dimen290
)
(C:\Users\danie\AppData\Local\Programs\MiKTeX\tex/latex/beamer\beamerbasetheore
ms.sty
(C:\Users\danie\AppData\Local\Programs\MiKTeX\tex/latex/amsmath\amsmath.sty
Package: amsmath 2025/06/16 v2.17y AMS math features
\@mathmargin=\skip60

For additional information on amsmath, use the `?' option.
(C:\Users\danie\AppData\Local\Programs\MiKTeX\tex/latex/amsmath\amstext.sty
Package: amstext 2024/11/17 v2.01 AMS text

(C:\Users\danie\AppData\Local\Programs\MiKTeX\tex/latex/amsmath\amsgen.sty
File: amsgen.sty 1999/11/30 v2.0 generic functions
\@emptytoks=\toks35
\ex@=\dimen291
))
(C:\Users\danie\AppData\Local\Programs\MiKTeX\tex/latex/amsmath\amsbsy.sty
Package: amsbsy 1999/11/29 v1.2d Bold Symbols
\pmbraise@=\dimen292
)
(C:\Users\danie\AppData\Local\Programs\MiKTeX\tex/latex/amsmath\amsopn.sty
Package: amsopn 2022/04/08 v2.04 operator names
)
\inf@bad=\count345
LaTeX Info: Redefining \frac on input line 233.
\uproot@=\count346
\leftroot@=\count347
LaTeX Info: Redefining \overline on input line 398.
LaTeX Info: Redefining \colon on input line 409.
\classnum@=\count348
\DOTSCASE@=\count349
LaTeX Info: Redefining \ldots on input line 495.
LaTeX Info: Redefining \dots on input line 498.
LaTeX Info: Redefining \cdots on input line 619.
\Mathstrutbox@=\box76
\strutbox@=\box77
LaTeX Info: Redefining \big on input line 721.
LaTeX Info: Redefining \Big on input line 722.
LaTeX Info: Redefining \bigg on input line 723.
LaTeX Info: Redefining \Bigg on input line 724.
\big@size=\dimen293
LaTeX Font Info:    Redeclaring font encoding OML on input line 742.
LaTeX Font Info:    Redeclaring font encoding OMS on input line 743.
\macc@depth=\count350
LaTeX Info: Redefining \bmod on input line 904.
LaTeX Info: Redefining \pmod on input line 909.
LaTeX Info: Redefining \smash on input line 939.
LaTeX Info: Redefining \relbar on input line 969.
LaTeX Info: Redefining \Relbar on input line 970.
\c@MaxMatrixCols=\count351
\dotsspace@=\muskip18
\c@parentequation=\count352
\dspbrk@lvl=\count353
\tag@help=\toks36
\row@=\count354
\column@=\count355
\maxfields@=\count356
\andhelp@=\toks37
\eqnshift@=\dimen294
\alignsep@=\dimen295
\tagshift@=\dimen296
\tagwidth@=\dimen297
\totwidth@=\dimen298
\lineht@=\dimen299
\@envbody=\toks38
\multlinegap=\skip61
\multlinetaggap=\skip62
\mathdisplay@stack=\toks39
LaTeX Info: Redefining \[ on input line 2949.
LaTeX Info: Redefining \] on input line 2950.
)
(C:\Users\danie\AppData\Local\Programs\MiKTeX\tex/latex/amscls\amsthm.sty
Package: amsthm 2020/05/29 v2.20.6
\thm@style=\toks40
\thm@bodyfont=\toks41
\thm@headfont=\toks42
\thm@notefont=\toks43
\thm@headpunct=\toks44
\thm@preskip=\skip63
\thm@postskip=\skip64
\thm@headsep=\skip65
\dth@everypar=\toks45
)
\c@theorem=\count357
)
(C:\Users\danie\AppData\Local\Programs\MiKTeX\tex/latex/beamer\beamerbasethemes
.sty))
(C:\Users\danie\AppData\Local\Programs\MiKTeX\tex/latex/beamer\beamerthemedefau
lt.sty
(C:\Users\danie\AppData\Local\Programs\MiKTeX\tex/latex/beamer\beamerfontthemed
efault.sty)
(C:\Users\danie\AppData\Local\Programs\MiKTeX\tex/latex/beamer\beamercolortheme
default.sty)
(C:\Users\danie\AppData\Local\Programs\MiKTeX\tex/latex/beamer\beamerinnertheme
default.sty
\beamer@dima=\dimen300
\beamer@dimb=\dimen301
)
(C:\Users\danie\AppData\Local\Programs\MiKTeX\tex/latex/beamer\beameroutertheme
default.sty)))
(C:\Users\danie\AppData\Local\Programs\MiKTeX\tex/latex/beamer\beamerthemeMadri
d.sty
(C:\Users\danie\AppData\Local\Programs\MiKTeX\tex/latex/beamer\beamercolortheme
whale.sty)
(C:\Users\danie\AppData\Local\Programs\MiKTeX\tex/latex/beamer\beamercolortheme
orchid.sty)
(C:\Users\danie\AppData\Local\Programs\MiKTeX\tex/latex/beamer\beamerinnertheme
rounded.sty)
(C:\Users\danie\AppData\Local\Programs\MiKTeX\tex/latex/beamer\beameroutertheme
infolines.sty))
(C:\Users\danie\AppData\Local\Programs\MiKTeX\tex/latex/base\inputenc.sty
Package: inputenc 2024/02/08 v1.3d Input encoding file
\inpenc@prehook=\toks46
\inpenc@posthook=\toks47
)
(C:\Users\danie\AppData\Local\Programs\MiKTeX\tex/generic/babel\babel.sty
Package: babel 2025/05/14 v25.9 The multilingual framework for pdfLaTeX, LuaLaT
eX and XeLaTeX
\babel@savecnt=\count358
LaTeX Encoding Info:    Redeclaring text command \ij (encoding OT1) on input li
ne 2043.
LaTeX Encoding Info:    Redeclaring text command \IJ (encoding OT1) on input li
ne 2045.
LaTeX Encoding Info:    Redeclaring text command \ij (encoding T1) on input lin
e 2047.
LaTeX Encoding Info:    Redeclaring text command \IJ (encoding T1) on input lin
e 2048.
LaTeX Encoding Info:    Ignoring declaration for text command \ij (encoding ?) 
on input line 2049.
LaTeX Encoding Info:    Ignoring declaration for text command \IJ (encoding ?) 
on input line 2051.
LaTeX Encoding Info:    Ignoring declaration for text command \SS (encoding ?) 
on input line 2076.
\U@D=\dimen302
\l@unhyphenated=\language79

(C:\Users\danie\AppData\Local\Programs\MiKTeX\tex/generic/babel\txtbabel.def)
\bbl@readstream=\read3
LaTeX Info: Redefining \textlatin on input line 3887.
\bbl@dirlevel=\count359

*************************************
* Local config file bblopts.cfg used
*
(C:\Users\danie\AppData\Local\Programs\MiKTeX\tex/latex/arabi\bblopts.cfg
File: bblopts.cfg 2005/09/08 v0.1 add Arabic and Farsi to "declared" options of
 babel
)
(C:\Users\danie\AppData\Local\Programs\MiKTeX\tex/latex/babel-spanish\spanish.l
df
Language: spanish.ldf 2021/05/27 v5.0q Spanish support from the babel system

(C:\Users\danie\AppData\Local\Programs\MiKTeX\tex/generic/babel/locale/es\babel
-spanish.tex
Package babel Info: Importing font and identification data for spanish
(babel)             from babel-es.ini. Reported on input line 11.
)
\es@quottoks=\toks48
\es@quotdepth=\count360
Package babel Info: Making " an active character on input line 570.
Package babel Info: Making . an active character on input line 675.
Package babel Info: Making < an active character on input line 722.
Package babel Info: Making > an active character on input line 722.
))
LaTeX Encoding Info:    Redeclaring text command \guillemotleft (encoding OT1) 
on input line 7.
LaTeX Encoding Info:    Redeclaring text command \guillemotright (encoding OT1)
 on input line 7.

(C:\Users\danie\AppData\Local\Programs\MiKTeX\tex/latex/diagbox\diagbox.sty
Package: diagbox 2020/02/09 v2.3 Making table heads with diagonal lines

(C:\Users\danie\AppData\Local\Programs\MiKTeX\tex/latex/pict2e\pict2e.sty
Package: pict2e 2020/09/30 v0.4b Improved picture commands (HjG,RN,JT)

(C:\Users\danie\AppData\Local\Programs\MiKTeX\tex/latex/pict2e\pict2e.cfg
File: pict2e.cfg 2016/02/05 v0.1u pict2e configuration for teTeX/TeXLive
)
Package pict2e Info: Driver file: pdftex.def on input line 112.
Package pict2e Info: Driver file for pict2e: p2e-pdftex.def on input line 114.

(C:\Users\danie\AppData\Local\Programs\MiKTeX\tex/latex/pict2e\p2e-pdftex.def
File: p2e-pdftex.def 2016/02/05 v0.1u Driver-dependant file (RN,HjG,JT)
)
\pIIe@GRAPH=\toks49
\@arclen=\dimen303
\@arcrad=\dimen304
\pIIe@tempdima=\dimen305
\pIIe@tempdimb=\dimen306
\pIIe@tempdimc=\dimen307
\pIIe@tempdimd=\dimen308
\pIIe@tempdime=\dimen309
\pIIe@tempdimf=\dimen310
) (C:\Users\danie\AppData\Local\Programs\MiKTeX\tex/latex/tools\calc.sty
Package: calc 2025/03/01 v4.3b Infix arithmetic (KKT,FJ)
\calc@Acount=\count361
\calc@Bcount=\count362
\calc@Adimen=\dimen311
\calc@Bdimen=\dimen312
\calc@Askip=\skip66
\calc@Bskip=\skip67
LaTeX Info: Redefining \setlength on input line 86.
LaTeX Info: Redefining \addtolength on input line 87.
\calc@Ccount=\count363
\calc@Cskip=\skip68
)
(C:\Users\danie\AppData\Local\Programs\MiKTeX\tex/latex/tools\array.sty
Package: array 2025/06/08 v2.6j Tabular extension package (FMi)
\col@sep=\dimen313
\ar@mcellbox=\box78
\extrarowheight=\dimen314
\NC@list=\toks50
\extratabsurround=\skip69
\backup@length=\skip70
\ar@cellbox=\box79
)
\diagbox@boxa=\box80
\diagbox@boxb=\box81
\diagbox@boxm=\box82
\diagbox@wd=\dimen315
\diagbox@ht=\dimen316
\diagbox@insepl=\dimen317
\diagbox@insepr=\dimen318
\diagbox@outsepl=\dimen319
\diagbox@outsepr=\dimen320
)
(C:\Users\danie\AppData\Local\Programs\MiKTeX\tex/latex/multirow\multirow.sty
Package: multirow 2024/11/12 v2.9 Span multiple rows of a table
\multirow@colwidth=\skip71
\multirow@cntb=\count364
\multirow@dima=\skip72
\bigstrutjot=\dimen321
)
(C:\Users\danie\AppData\Local\Programs\MiKTeX\tex/latex/pgf/frontendlayer\tikz.
sty
(C:\Users\danie\AppData\Local\Programs\MiKTeX\tex/latex/pgf/basiclayer\pgf.sty
Package: pgf 2023-01-15 v3.1.10 (3.1.10)

(C:\Users\danie\AppData\Local\Programs\MiKTeX\tex/generic/pgf/modules\pgfmodule
shapes.code.tex
File: pgfmoduleshapes.code.tex 2023-01-15 v3.1.10 (3.1.10)
\pgfnodeparttextbox=\box83
)
(C:\Users\danie\AppData\Local\Programs\MiKTeX\tex/generic/pgf/modules\pgfmodule
plot.code.tex
File: pgfmoduleplot.code.tex 2023-01-15 v3.1.10 (3.1.10)
)
(C:\Users\danie\AppData\Local\Programs\MiKTeX\tex/latex/pgf/compatibility\pgfco
mp-version-0-65.sty
Package: pgfcomp-version-0-65 2023-01-15 v3.1.10 (3.1.10)
\pgf@nodesepstart=\dimen322
\pgf@nodesepend=\dimen323
)
(C:\Users\danie\AppData\Local\Programs\MiKTeX\tex/latex/pgf/compatibility\pgfco
mp-version-1-18.sty
Package: pgfcomp-version-1-18 2023-01-15 v3.1.10 (3.1.10)
))
(C:\Users\danie\AppData\Local\Programs\MiKTeX\tex/latex/pgf/utilities\pgffor.st
y
(C:\Users\danie\AppData\Local\Programs\MiKTeX\tex/generic/pgf/utilities\pgffor.
code.tex
Package: pgffor 2023-01-15 v3.1.10 (3.1.10)
\pgffor@iter=\dimen324
\pgffor@skip=\dimen325
\pgffor@stack=\toks51
\pgffor@toks=\toks52
))
(C:\Users\danie\AppData\Local\Programs\MiKTeX\tex/generic/pgf/frontendlayer/tik
z\tikz.code.tex
Package: tikz 2023-01-15 v3.1.10 (3.1.10)

(C:\Users\danie\AppData\Local\Programs\MiKTeX\tex/generic/pgf/libraries\pgflibr
aryplothandlers.code.tex
File: pgflibraryplothandlers.code.tex 2023-01-15 v3.1.10 (3.1.10)
\pgf@plot@mark@count=\count365
\pgfplotmarksize=\dimen326
)
\tikz@lastx=\dimen327
\tikz@lasty=\dimen328
\tikz@lastxsaved=\dimen329
\tikz@lastysaved=\dimen330
\tikz@lastmovetox=\dimen331
\tikz@lastmovetoy=\dimen332
\tikzleveldistance=\dimen333
\tikzsiblingdistance=\dimen334
\tikz@figbox=\box84
\tikz@figbox@bg=\box85
\tikz@tempbox=\box86
\tikz@tempbox@bg=\box87
\tikztreelevel=\count366
\tikznumberofchildren=\count367
\tikznumberofcurrentchild=\count368
\tikz@fig@count=\count369

(C:\Users\danie\AppData\Local\Programs\MiKTeX\tex/generic/pgf/modules\pgfmodule
matrix.code.tex
File: pgfmodulematrix.code.tex 2023-01-15 v3.1.10 (3.1.10)
\pgfmatrixcurrentrow=\count370
\pgfmatrixcurrentcolumn=\count371
\pgf@matrix@numberofcolumns=\count372
)
\tikz@expandcount=\count373

(C:\Users\danie\AppData\Local\Programs\MiKTeX\tex/generic/pgf/frontendlayer/tik
z/libraries\tikzlibrarytopaths.code.tex
File: tikzlibrarytopaths.code.tex 2023-01-15 v3.1.10 (3.1.10)
)))
(C:\Users\danie\AppData\Local\Programs\MiKTeX\tex/generic/pgf/libraries\pgflibr
aryarrows.meta.code.tex
File: pgflibraryarrows.meta.code.tex 2023-01-15 v3.1.10 (3.1.10)
\pgfarrowinset=\dimen335
\pgfarrowlength=\dimen336
\pgfarrowwidth=\dimen337
\pgfarrowlinewidth=\dimen338
)
(C:\Users\danie\AppData\Local\Programs\MiKTeX\tex/generic/pgf/frontendlayer/tik
z/libraries\tikzlibrarypositioning.code.tex
File: tikzlibrarypositioning.code.tex 2023-01-15 v3.1.10 (3.1.10)
)
(C:\Users\danie\AppData\Local\Programs\MiKTeX\tex/generic/pgf/frontendlayer/tik
z/libraries\tikzlibrarycalc.code.tex
File: tikzlibrarycalc.code.tex 2023-01-15 v3.1.10 (3.1.10)
)
(C:\Users\danie\AppData\Local\Programs\MiKTeX\tex/latex/l3backend\l3backend-pdf
tex.def
File: l3backend-pdftex.def 2025-06-09 L3 backend support: PDF output (pdfTeX)
\l__color_backend_stack_int=\count374
) (module3.aux
LaTeX Info: Redefining \. on input line 11.
LaTeX Info: Redefining \% on input line 11.
Package babel Info: 'spanish' activates 'spanish' shorthands.
(babel)             Reported  on input line 11.
)
\openout1 = `module3.aux'.

LaTeX Font Info:    Checking defaults for OML/cmm/m/it on input line 28.
LaTeX Font Info:    ... okay on input line 28.
LaTeX Font Info:    Checking defaults for OMS/cmsy/m/n on input line 28.
LaTeX Font Info:    ... okay on input line 28.
LaTeX Font Info:    Checking defaults for OT1/cmr/m/n on input line 28.
LaTeX Font Info:    ... okay on input line 28.
LaTeX Font Info:    Checking defaults for T1/cmr/m/n on input line 28.
LaTeX Font Info:    ... okay on input line 28.
LaTeX Font Info:    Checking defaults for TS1/cmr/m/n on input line 28.
LaTeX Font Info:    ... okay on input line 28.
LaTeX Font Info:    Checking defaults for OMX/cmex/m/n on input line 28.
LaTeX Font Info:    ... okay on input line 28.
LaTeX Font Info:    Checking defaults for U/cmr/m/n on input line 28.
LaTeX Font Info:    ... okay on input line 28.
LaTeX Font Info:    Checking defaults for PD1/pdf/m/n on input line 28.
LaTeX Font Info:    ... okay on input line 28.
LaTeX Font Info:    Checking defaults for PU/pdf/m/n on input line 28.
LaTeX Font Info:    ... okay on input line 28.

*geometry* driver: auto-detecting
*geometry* detected driver: pdftex
*geometry* verbose mode - [ preamble ] result:
* driver: pdftex
* paper: custom
* layout: <same size as paper>
* layoutoffset:(h,v)=(0.0pt,0.0pt)
* modes: includehead includefoot 
* h-part:(L,W,R)=(10.95003pt, 342.2953pt, 10.95003pt)
* v-part:(T,H,B)=(0.0pt, 273.14662pt, 0.0pt)
* \paperwidth=364.19536pt
* \paperheight=273.14662pt
* \textwidth=342.2953pt
* \textheight=244.6939pt
* \oddsidemargin=-61.31996pt
* \evensidemargin=-61.31996pt
* \topmargin=-72.26999pt
* \headheight=14.22636pt
* \headsep=0.0pt
* \topskip=11.0pt
* \footskip=14.22636pt
* \marginparwidth=4.0pt
* \marginparsep=10.0pt
* \columnsep=10.0pt
* \skip\footins=10.0pt plus 4.0pt minus 2.0pt
* \hoffset=0.0pt
* \voffset=0.0pt
* \mag=1000
* \@twocolumnfalse
* \@twosidefalse
* \@mparswitchfalse
* \@reversemarginfalse
* (1in=72.27pt=25.4mm, 1cm=28.453pt)


(C:\Users\danie\AppData\Local\Programs\MiKTeX\tex/context/base/mkii\supp-pdf.mk
ii
[Loading MPS to PDF converter (version 2006.09.02).]
\scratchcounter=\count375
\scratchdimen=\dimen339
\scratchbox=\box88
\nofMPsegments=\count376
\nofMParguments=\count377
\everyMPshowfont=\toks53
\MPscratchCnt=\count378
\MPscratchDim=\dimen340
\MPnumerator=\count379
\makeMPintoPDFobject=\count380
\everyMPtoPDFconversion=\toks54
)
(C:\Users\danie\AppData\Local\Programs\MiKTeX\tex/latex/epstopdf-pkg\epstopdf-b
ase.sty
Package: epstopdf-base 2020-01-24 v2.11 Base part for package epstopdf
Package epstopdf-base Info: Redefining graphics rule for `.eps' on input line 4
85.

(C:\Users\danie\AppData\Local\Programs\MiKTeX\tex/latex/00miktex\epstopdf-sys.c
fg
File: epstopdf-sys.cfg 2021/03/18 v2.0 Configuration of epstopdf for MiKTeX
))
Package hyperref Info: Link coloring OFF on input line 28.
 (module3.out) (module3.out)
\@outlinefile=\write5
\openout5 = `module3.out'.

LaTeX Font Info:    Overwriting symbol font `operators' in version `normal'
(Font)                  OT1/cmr/m/n --> OT1/cmss/m/n on input line 28.
LaTeX Font Info:    Overwriting symbol font `operators' in version `bold'
(Font)                  OT1/cmr/bx/n --> OT1/cmss/b/n on input line 28.
\symnumbers=\mathgroup6
\sympureletters=\mathgroup7
LaTeX Font Info:    Overwriting math alphabet `\mathrm' in version `normal'
(Font)                  OT1/cmss/m/n --> OT1/cmr/m/n on input line 28.
LaTeX Font Info:    Redeclaring math alphabet \mathbf on input line 28.
LaTeX Font Info:    Overwriting math alphabet `\mathbf' in version `normal'
(Font)                  OT1/cmr/bx/n --> OT1/cmss/b/n on input line 28.
LaTeX Font Info:    Overwriting math alphabet `\mathbf' in version `bold'
(Font)                  OT1/cmr/bx/n --> OT1/cmss/b/n on input line 28.
LaTeX Font Info:    Redeclaring math alphabet \mathsf on input line 28.
LaTeX Font Info:    Overwriting math alphabet `\mathsf' in version `normal'
(Font)                  OT1/cmss/m/n --> OT1/cmss/m/n on input line 28.
LaTeX Font Info:    Overwriting math alphabet `\mathsf' in version `bold'
(Font)                  OT1/cmss/bx/n --> OT1/cmss/m/n on input line 28.
LaTeX Font Info:    Redeclaring math alphabet \mathit on input line 28.
LaTeX Font Info:    Overwriting math alphabet `\mathit' in version `normal'
(Font)                  OT1/cmr/m/it --> OT1/cmss/m/it on input line 28.
LaTeX Font Info:    Overwriting math alphabet `\mathit' in version `bold'
(Font)                  OT1/cmr/bx/it --> OT1/cmss/m/it on input line 28.
LaTeX Font Info:    Redeclaring math alphabet \mathtt on input line 28.
LaTeX Font Info:    Overwriting math alphabet `\mathtt' in version `normal'
(Font)                  OT1/cmtt/m/n --> OT1/cmtt/m/n on input line 28.
LaTeX Font Info:    Overwriting math alphabet `\mathtt' in version `bold'
(Font)                  OT1/cmtt/m/n --> OT1/cmtt/m/n on input line 28.
LaTeX Font Info:    Overwriting symbol font `numbers' in version `bold'
(Font)                  OT1/cmss/m/n --> OT1/cmss/b/n on input line 28.
LaTeX Font Info:    Overwriting symbol font `pureletters' in version `bold'
(Font)                  OT1/cmss/m/it --> OT1/cmss/b/it on input line 28.
LaTeX Font Info:    Overwriting math alphabet `\mathrm' in version `bold'
(Font)                  OT1/cmss/b/n --> OT1/cmr/b/n on input line 28.
LaTeX Font Info:    Overwriting math alphabet `\mathbf' in version `bold'
(Font)                  OT1/cmss/b/n --> OT1/cmss/b/n on input line 28.
LaTeX Font Info:    Overwriting math alphabet `\mathsf' in version `bold'
(Font)                  OT1/cmss/m/n --> OT1/cmss/b/n on input line 28.
LaTeX Font Info:    Overwriting math alphabet `\mathit' in version `bold'
(Font)                  OT1/cmss/m/it --> OT1/cmss/b/it on input line 28.
LaTeX Font Info:    Overwriting math alphabet `\mathtt' in version `bold'
(Font)                  OT1/cmtt/m/n --> OT1/cmtt/b/n on input line 28.
LaTeX Font Info:    Redeclaring symbol font `pureletters' on input line 28.
LaTeX Font Info:    Overwriting symbol font `pureletters' in version `normal'
(Font)                  OT1/cmss/m/it --> OT1/mathkerncmss/m/sl on input line 2
8.
LaTeX Font Info:    Overwriting symbol font `pureletters' in version `bold'
(Font)                  OT1/cmss/b/it --> OT1/mathkerncmss/m/sl on input line 2
8.
LaTeX Font Info:    Overwriting symbol font `pureletters' in version `bold'
(Font)                  OT1/mathkerncmss/m/sl --> OT1/mathkerncmss/bx/sl on inp
ut line 28.

(C:\Users\danie\AppData\Local\Programs\MiKTeX\tex/latex/translator\translator-b
asic-dictionary-English.dict
Dictionary: translator-basic-dictionary, Language: English 
)
(C:\Users\danie\AppData\Local\Programs\MiKTeX\tex/latex/translator\translator-b
ibliography-dictionary-English.dict
Dictionary: translator-bibliography-dictionary, Language: English 
)
(C:\Users\danie\AppData\Local\Programs\MiKTeX\tex/latex/translator\translator-e
nvironment-dictionary-English.dict
Dictionary: translator-environment-dictionary, Language: English 
)
(C:\Users\danie\AppData\Local\Programs\MiKTeX\tex/latex/translator\translator-m
onths-dictionary-English.dict
Dictionary: translator-months-dictionary, Language: English 
)
(C:\Users\danie\AppData\Local\Programs\MiKTeX\tex/latex/translator\translator-n
umbers-dictionary-English.dict
Dictionary: translator-numbers-dictionary, Language: English 
)
(C:\Users\danie\AppData\Local\Programs\MiKTeX\tex/latex/translator\translator-t
heorem-dictionary-English.dict
Dictionary: translator-theorem-dictionary, Language: English 
)
LaTeX Info: Redefining \. on input line 28.
LaTeX Info: Redefining \% on input line 28.
 (module3.nav)
Overfull \hbox (28.59685pt too wide) in paragraph at lines 28--28
 [][]  \OT1/cmss/m/n/6 ([])  
 []


Overfull \hbox (42.82207pt too wide) in paragraph at lines 28--28
 [][][][]  
 []


Overfull \hbox (28.59685pt too wide) in paragraph at lines 30--30
 [][]  \OT1/cmss/m/n/6 ([])  
 []


Overfull \hbox (42.82207pt too wide) in paragraph at lines 30--30
 [][][][]  
 []




Overfull \hbox (28.59685pt too wide) has occurred while \output is active
 [][]  \OT1/cmss/m/n/6 ([])  
 []


Overfull \hbox (42.82207pt too wide) has occurred while \output is active
 [][][][]  
 []

[1

{C:/Users/danie/AppData/Local/MiKTeX/fonts/map/pdftex/pdftex.map}]
Overfull \hbox (28.59685pt too wide) in paragraph at lines 42--42
 [][]  \OT1/cmss/m/n/6 ([])  
 []


Overfull \hbox (42.82207pt too wide) in paragraph at lines 42--42
 [][][][]  
 []

LaTeX Font Info:    Trying to load font information for U+msa on input line 42.

(C:\Users\danie\AppData\Local\Programs\MiKTeX\tex/latex/amsfonts\umsa.fd
File: umsa.fd 2013/01/14 v3.01 AMS symbols A
)
LaTeX Font Info:    Trying to load font information for U+msb on input line 42.


(C:\Users\danie\AppData\Local\Programs\MiKTeX\tex/latex/amsfonts\umsb.fd
File: umsb.fd 2013/01/14 v3.01 AMS symbols B
)
LaTeX Font Info:    Trying to load font information for OT1+mathkerncmss on inp
ut line 42.

(C:\Users\danie\AppData\Local\Programs\MiKTeX\tex/latex/sansmathaccent\ot1mathk
erncmss.fd
File: ot1mathkerncmss.fd 2020/01/31 Fontinst v1.933 font definitions for OT1/ma
thkerncmss.
)


Overfull \hbox (28.59685pt too wide) has occurred while \output is active
 [][]  \OT1/cmss/m/n/6 ([])  
 []


Overfull \hbox (42.82207pt too wide) has occurred while \output is active
 [][][][]  
 []

[2

]
Overfull \hbox (28.59685pt too wide) in paragraph at lines 62--62
 [][]  \OT1/cmss/m/n/6 ([])  
 []


Overfull \hbox (42.82207pt too wide) in paragraph at lines 62--62
 [][][][]  
 []

LaTeX Font Info:    Trying to load font information for U+lasy on input line 62
.
(C:\Users\danie\AppData\Local\Programs\MiKTeX\tex/latex/base\ulasy.fd
File: ulasy.fd 1998/08/17 v2.2e LaTeX symbol font definitions
)


Overfull \hbox (28.59685pt too wide) has occurred while \output is active
 [][]  \OT1/cmss/m/n/6 ([])  
 []


Overfull \hbox (42.82207pt too wide) has occurred while \output is active
 [][][][]  
 []

[3

]
Overfull \hbox (28.59685pt too wide) in paragraph at lines 87--87
 [][]  \OT1/cmss/m/n/6 ([])  
 []


Overfull \hbox (42.82207pt too wide) in paragraph at lines 87--87
 [][][][]  
 []




Overfull \hbox (28.59685pt too wide) has occurred while \output is active
 [][]  \OT1/cmss/m/n/6 ([])  
 []


Overfull \hbox (42.82207pt too wide) has occurred while \output is active
 [][][][]  
 []

[4

]
Overfull \hbox (28.59685pt too wide) in paragraph at lines 114--114
 [][]  \OT1/cmss/m/n/6 ([])  
 []


Overfull \hbox (42.82207pt too wide) in paragraph at lines 114--114
 [][][][]  
 []




Overfull \hbox (28.59685pt too wide) has occurred while \output is active
 [][]  \OT1/cmss/m/n/6 ([])  
 []


Overfull \hbox (42.82207pt too wide) has occurred while \output is active
 [][][][]  
 []

[5

]
Overfull \hbox (28.59685pt too wide) in paragraph at lines 150--150
 [][]  \OT1/cmss/m/n/6 ([])  
 []


Overfull \hbox (42.82207pt too wide) in paragraph at lines 150--150
 [][][][]  
 []




Overfull \hbox (28.59685pt too wide) has occurred while \output is active
 [][]  \OT1/cmss/m/n/6 ([])  
 []


Overfull \hbox (42.82207pt too wide) has occurred while \output is active
 [][][][]  
 []

[6

]
Overfull \hbox (28.59685pt too wide) in paragraph at lines 168--168
 [][]  \OT1/cmss/m/n/6 ([])  
 []


Overfull \hbox (42.82207pt too wide) in paragraph at lines 168--168
 [][][][]  
 []




Overfull \hbox (28.59685pt too wide) has occurred while \output is active
 [][]  \OT1/cmss/m/n/6 ([])  
 []


Overfull \hbox (42.82207pt too wide) has occurred while \output is active
 [][][][]  
 []

[7

]
Overfull \hbox (28.59685pt too wide) in paragraph at lines 193--193
 [][]  \OT1/cmss/m/n/6 ([])  
 []


Overfull \hbox (42.82207pt too wide) in paragraph at lines 193--193
 [][][][]  
 []


Overfull \vbox (4.62605pt too high) detected at line 193
 []




Overfull \hbox (28.59685pt too wide) has occurred while \output is active
 [][]  \OT1/cmss/m/n/6 ([])  
 []


Overfull \hbox (42.82207pt too wide) has occurred while \output is active
 [][][][]  
 []

[8

]
Overfull \hbox (28.59685pt too wide) in paragraph at lines 210--210
 [][]  \OT1/cmss/m/n/6 ([])  
 []


Overfull \hbox (42.82207pt too wide) in paragraph at lines 210--210
 [][][][]  
 []


Underfull \hbox (badness 3019) in paragraph at lines 210--210
[]|\OT1/cmss/m/n/10 Complejo en es-pa-cios
 []




Overfull \hbox (28.59685pt too wide) has occurred while \output is active
 [][]  \OT1/cmss/m/n/6 ([])  
 []


Overfull \hbox (42.82207pt too wide) has occurred while \output is active
 [][][][]  
 []

[9

]
Overfull \hbox (28.59685pt too wide) in paragraph at lines 245--245
 [][]  \OT1/cmss/m/n/6 ([])  
 []


Overfull \hbox (42.82207pt too wide) in paragraph at lines 245--245
 [][][][]  
 []




Overfull \hbox (28.59685pt too wide) has occurred while \output is active
 [][]  \OT1/cmss/m/n/6 ([])  
 []


Overfull \hbox (42.82207pt too wide) has occurred while \output is active
 [][][][]  
 []

[10

]
Overfull \hbox (28.59685pt too wide) in paragraph at lines 269--269
 [][]  \OT1/cmss/m/n/6 ([])  
 []


Overfull \hbox (42.82207pt too wide) in paragraph at lines 269--269
 [][][][]  
 []




Overfull \hbox (28.59685pt too wide) has occurred while \output is active
 [][]  \OT1/cmss/m/n/6 ([])  
 []


Overfull \hbox (42.82207pt too wide) has occurred while \output is active
 [][][][]  
 []

[11

]
Overfull \hbox (28.59685pt too wide) in paragraph at lines 288--288
 [][]  \OT1/cmss/m/n/6 ([])  
 []


Overfull \hbox (42.82207pt too wide) in paragraph at lines 288--288
 [][][][]  
 []




Overfull \hbox (28.59685pt too wide) has occurred while \output is active
 [][]  \OT1/cmss/m/n/6 ([])  
 []


Overfull \hbox (42.82207pt too wide) has occurred while \output is active
 [][][][]  
 []

[12

]
Overfull \hbox (28.59685pt too wide) in paragraph at lines 299--299
 [][]  \OT1/cmss/m/n/6 ([])  
 []


Overfull \hbox (42.82207pt too wide) in paragraph at lines 299--299
 [][][][]  
 []




Overfull \hbox (28.59685pt too wide) has occurred while \output is active
 [][]  \OT1/cmss/m/n/6 ([])  
 []


Overfull \hbox (42.82207pt too wide) has occurred while \output is active
 [][][][]  
 []

[13

]
Overfull \hbox (28.59685pt too wide) in paragraph at lines 316--316
 [][]  \OT1/cmss/m/n/6 ([])  
 []


Overfull \hbox (42.82207pt too wide) in paragraph at lines 316--316
 [][][][]  
 []




Overfull \hbox (28.59685pt too wide) has occurred while \output is active
 [][]  \OT1/cmss/m/n/6 ([])  
 []


Overfull \hbox (42.82207pt too wide) has occurred while \output is active
 [][][][]  
 []

[14

]
Overfull \hbox (28.59685pt too wide) in paragraph at lines 338--338
 [][]  \OT1/cmss/m/n/6 ([])  
 []


Overfull \hbox (42.82207pt too wide) in paragraph at lines 338--338
 [][][][]  
 []




Overfull \hbox (28.59685pt too wide) has occurred while \output is active
 [][]  \OT1/cmss/m/n/6 ([])  
 []


Overfull \hbox (42.82207pt too wide) has occurred while \output is active
 [][][][]  
 []

[15

]
Overfull \hbox (28.59685pt too wide) in paragraph at lines 354--354
 [][]  \OT1/cmss/m/n/6 ([])  
 []


Overfull \hbox (42.82207pt too wide) in paragraph at lines 354--354
 [][][][]  
 []




Overfull \hbox (28.59685pt too wide) has occurred while \output is active
 [][]  \OT1/cmss/m/n/6 ([])  
 []


Overfull \hbox (42.82207pt too wide) has occurred while \output is active
 [][][][]  
 []

[16

]
Overfull \hbox (28.59685pt too wide) in paragraph at lines 370--370
 [][]  \OT1/cmss/m/n/6 ([])  
 []


Overfull \hbox (42.82207pt too wide) in paragraph at lines 370--370
 [][][][]  
 []




Overfull \hbox (28.59685pt too wide) has occurred while \output is active
 [][]  \OT1/cmss/m/n/6 ([])  
 []


Overfull \hbox (42.82207pt too wide) has occurred while \output is active
 [][][][]  
 []

[17

]
Overfull \hbox (28.59685pt too wide) in paragraph at lines 401--401
 [][]  \OT1/cmss/m/n/6 ([])  
 []


Overfull \hbox (42.82207pt too wide) in paragraph at lines 401--401
 [][][][]  
 []




Overfull \hbox (28.59685pt too wide) has occurred while \output is active
 [][]  \OT1/cmss/m/n/6 ([])  
 []


Overfull \hbox (42.82207pt too wide) has occurred while \output is active
 [][][][]  
 []

[18

]
Overfull \hbox (28.59685pt too wide) in paragraph at lines 418--418
 [][]  \OT1/cmss/m/n/6 ([])  
 []


Overfull \hbox (42.82207pt too wide) in paragraph at lines 418--418
 [][][][]  
 []




Overfull \hbox (28.59685pt too wide) has occurred while \output is active
 [][]  \OT1/cmss/m/n/6 ([])  
 []


Overfull \hbox (42.82207pt too wide) has occurred while \output is active
 [][][][]  
 []

[19

]
Overfull \hbox (28.59685pt too wide) in paragraph at lines 435--435
 [][]  \OT1/cmss/m/n/6 ([])  
 []


Overfull \hbox (42.82207pt too wide) in paragraph at lines 435--435
 [][][][]  
 []




Overfull \hbox (28.59685pt too wide) has occurred while \output is active
 [][]  \OT1/cmss/m/n/6 ([])  
 []


Overfull \hbox (42.82207pt too wide) has occurred while \output is active
 [][][][]  
 []

[20

]
Overfull \hbox (28.59685pt too wide) in paragraph at lines 455--455
 [][]  \OT1/cmss/m/n/6 ([])  
 []


Overfull \hbox (42.82207pt too wide) in paragraph at lines 455--455
 [][][][]  
 []




Overfull \hbox (28.59685pt too wide) has occurred while \output is active
 [][]  \OT1/cmss/m/n/6 ([])  
 []


Overfull \hbox (42.82207pt too wide) has occurred while \output is active
 [][][][]  
 []

[21

]
Overfull \hbox (28.59685pt too wide) in paragraph at lines 479--479
 [][]  \OT1/cmss/m/n/6 ([])  
 []


Overfull \hbox (42.82207pt too wide) in paragraph at lines 479--479
 [][][][]  
 []




Overfull \hbox (28.59685pt too wide) has occurred while \output is active
 [][]  \OT1/cmss/m/n/6 ([])  
 []


Overfull \hbox (42.82207pt too wide) has occurred while \output is active
 [][][][]  
 []

[22

]
Overfull \hbox (28.59685pt too wide) in paragraph at lines 497--497
 [][]  \OT1/cmss/m/n/6 ([])  
 []


Overfull \hbox (42.82207pt too wide) in paragraph at lines 497--497
 [][][][]  
 []




Overfull \hbox (28.59685pt too wide) has occurred while \output is active
 [][]  \OT1/cmss/m/n/6 ([])  
 []


Overfull \hbox (42.82207pt too wide) has occurred while \output is active
 [][][][]  
 []

[23

]
Overfull \hbox (28.59685pt too wide) in paragraph at lines 523--523
 [][]  \OT1/cmss/m/n/6 ([])  
 []


Overfull \hbox (42.82207pt too wide) in paragraph at lines 523--523
 [][][][]  
 []




Overfull \hbox (28.59685pt too wide) has occurred while \output is active
 [][]  \OT1/cmss/m/n/6 ([])  
 []


Overfull \hbox (42.82207pt too wide) has occurred while \output is active
 [][][][]  
 []

[24

]
Overfull \hbox (28.59685pt too wide) in paragraph at lines 537--537
 [][]  \OT1/cmss/m/n/6 ([])  
 []


Overfull \hbox (42.82207pt too wide) in paragraph at lines 537--537
 [][][][]  
 []




Overfull \hbox (28.59685pt too wide) has occurred while \output is active
 [][]  \OT1/cmss/m/n/6 ([])  
 []


Overfull \hbox (42.82207pt too wide) has occurred while \output is active
 [][][][]  
 []

[25

]
Overfull \hbox (28.59685pt too wide) in paragraph at lines 546--546
 [][]  \OT1/cmss/m/n/6 ([])  
 []


Overfull \hbox (42.82207pt too wide) in paragraph at lines 546--546
 [][][][]  
 []




Overfull \hbox (28.59685pt too wide) has occurred while \output is active
 [][]  \OT1/cmss/m/n/6 ([])  
 []


Overfull \hbox (42.82207pt too wide) has occurred while \output is active
 [][][][]  
 []

[26

]
Overfull \hbox (28.59685pt too wide) in paragraph at lines 566--566
 [][]  \OT1/cmss/m/n/6 ([])  
 []


Overfull \hbox (42.82207pt too wide) in paragraph at lines 566--566
 [][][][]  
 []




Overfull \hbox (28.59685pt too wide) has occurred while \output is active
 [][]  \OT1/cmss/m/n/6 ([])  
 []


Overfull \hbox (42.82207pt too wide) has occurred while \output is active
 [][][][]  
 []

[27

]
Overfull \hbox (28.59685pt too wide) in paragraph at lines 575--575
 [][]  \OT1/cmss/m/n/6 ([])  
 []


Overfull \hbox (42.82207pt too wide) in paragraph at lines 575--575
 [][][][]  
 []




Overfull \hbox (28.59685pt too wide) has occurred while \output is active
 [][]  \OT1/cmss/m/n/6 ([])  
 []


Overfull \hbox (42.82207pt too wide) has occurred while \output is active
 [][][][]  
 []

[28

]
Overfull \hbox (28.59685pt too wide) in paragraph at lines 593--593
 [][]  \OT1/cmss/m/n/6 ([])  
 []


Overfull \hbox (42.82207pt too wide) in paragraph at lines 593--593
 [][][][]  
 []




Overfull \hbox (28.59685pt too wide) has occurred while \output is active
 [][]  \OT1/cmss/m/n/6 ([])  
 []


Overfull \hbox (42.82207pt too wide) has occurred while \output is active
 [][][][]  
 []

[29

]
Overfull \hbox (28.59685pt too wide) in paragraph at lines 621--621
 [][]  \OT1/cmss/m/n/6 ([])  
 []


Overfull \hbox (42.82207pt too wide) in paragraph at lines 621--621
 [][][][]  
 []

<../Images/Figures/LearningCycle3.jpg, id=437, 614.295pt x 794.97pt>
File: ../Images/Figures/LearningCycle3.jpg Graphic file (type jpg)
<use ../Images/Figures/LearningCycle3.jpg>
Package pdftex.def Info: ../Images/Figures/LearningCycle3.jpg  used on input li
ne 621.
(pdftex.def)             Requested size: 171.14764pt x 221.48622pt.

Overfull \hbox (6.55267pt too wide) detected at line 621
[] [][] [][][][][][][][][] [][][][][][][] 
 []




Overfull \hbox (28.59685pt too wide) has occurred while \output is active
 [][]  \OT1/cmss/m/n/6 ([])  
 []


Overfull \hbox (42.82207pt too wide) has occurred while \output is active
 [][][][]  
 []

[30

 <../Images/Figures/LearningCycle3.jpg>]
Overfull \hbox (28.59685pt too wide) in paragraph at lines 647--647
 [][]  \OT1/cmss/m/n/6 ([])  
 []


Overfull \hbox (42.82207pt too wide) in paragraph at lines 647--647
 [][][][]  
 []




Overfull \hbox (28.59685pt too wide) has occurred while \output is active
 [][]  \OT1/cmss/m/n/6 ([])  
 []


Overfull \hbox (42.82207pt too wide) has occurred while \output is active
 [][][][]  
 []

[31

]
Overfull \hbox (28.59685pt too wide) in paragraph at lines 666--666
 [][]  \OT1/cmss/m/n/6 ([])  
 []


Overfull \hbox (42.82207pt too wide) in paragraph at lines 666--666
 [][][][]  
 []




Overfull \hbox (28.59685pt too wide) has occurred while \output is active
 [][]  \OT1/cmss/m/n/6 ([])  
 []


Overfull \hbox (42.82207pt too wide) has occurred while \output is active
 [][][][]  
 []

[32

]
Overfull \hbox (28.59685pt too wide) in paragraph at lines 685--685
 [][]  \OT1/cmss/m/n/6 ([])  
 []


Overfull \hbox (42.82207pt too wide) in paragraph at lines 685--685
 [][][][]  
 []




Overfull \hbox (28.59685pt too wide) has occurred while \output is active
 [][]  \OT1/cmss/m/n/6 ([])  
 []


Overfull \hbox (42.82207pt too wide) has occurred while \output is active
 [][][][]  
 []

[33

]
Overfull \hbox (28.59685pt too wide) in paragraph at lines 692--692
 [][]  \OT1/cmss/m/n/6 ([])  
 []


Overfull \hbox (42.82207pt too wide) in paragraph at lines 692--692
 [][][][]  
 []

<../Images/Figures/Go1.png, id=491, 452.4403pt x 304.13625pt>
File: ../Images/Figures/Go1.png Graphic file (type png)
<use ../Images/Figures/Go1.png>
Package pdftex.def Info: ../Images/Figures/Go1.png  used on input line 692.
(pdftex.def)             Requested size: 273.83728pt x 184.07492pt.



Overfull \hbox (28.59685pt too wide) has occurred while \output is active
 [][]  \OT1/cmss/m/n/6 ([])  
 []


Overfull \hbox (42.82207pt too wide) has occurred while \output is active
 [][][][]  
 []

[34

 <../Images/Figures/Go1.png>]
Overfull \hbox (28.59685pt too wide) in paragraph at lines 699--699
 [][]  \OT1/cmss/m/n/6 ([])  
 []


Overfull \hbox (42.82207pt too wide) in paragraph at lines 699--699
 [][][][]  
 []

<../Images/Figures/Go2.png, id=501, 737.00343pt x 292.84406pt>
File: ../Images/Figures/Go2.png Graphic file (type png)
<use ../Images/Figures/Go2.png>
Package pdftex.def Info: ../Images/Figures/Go2.png  used on input line 699.
(pdftex.def)             Requested size: 342.2953pt x 136.00574pt.



Overfull \hbox (28.59685pt too wide) has occurred while \output is active
 [][]  \OT1/cmss/m/n/6 ([])  
 []


Overfull \hbox (42.82207pt too wide) has occurred while \output is active
 [][][][]  
 []

[35

 <../Images/Figures/Go2.png>]
Overfull \hbox (28.59685pt too wide) in paragraph at lines 731--731
 [][]  \OT1/cmss/m/n/6 ([])  
 []


Overfull \hbox (42.82207pt too wide) in paragraph at lines 731--731
 [][][][]  
 []

LaTeX Font Info:    Trying to load font information for OMS+cmss on input line 
731.
LaTeX Font Info:    No file OMScmss.fd. on input line 731.

LaTeX Font Warning: Font shape `OMS/cmss/m/n' undefined
(Font)              using `OMS/cmsy/m/n' instead
(Font)              for symbol `textbraceleft' on input line 731.




Overfull \hbox (28.59685pt too wide) has occurred while \output is active
 [][]  \OT1/cmss/m/n/6 ([])  
 []


Overfull \hbox (42.82207pt too wide) has occurred while \output is active
 [][][][]  
 []

[36

]
Overfull \hbox (28.59685pt too wide) in paragraph at lines 751--751
 [][]  \OT1/cmss/m/n/6 ([])  
 []


Overfull \hbox (42.82207pt too wide) in paragraph at lines 751--751
 [][][][]  
 []




Overfull \hbox (28.59685pt too wide) has occurred while \output is active
 [][]  \OT1/cmss/m/n/6 ([])  
 []


Overfull \hbox (42.82207pt too wide) has occurred while \output is active
 [][][][]  
 []

[37

]
Overfull \hbox (28.59685pt too wide) in paragraph at lines 773--773
 [][]  \OT1/cmss/m/n/6 ([])  
 []


Overfull \hbox (42.82207pt too wide) in paragraph at lines 773--773
 [][][][]  
 []




Overfull \hbox (28.59685pt too wide) has occurred while \output is active
 [][]  \OT1/cmss/m/n/6 ([])  
 []


Overfull \hbox (42.82207pt too wide) has occurred while \output is active
 [][][][]  
 []

[38

]
Overfull \hbox (28.59685pt too wide) in paragraph at lines 816--816
 [][]  \OT1/cmss/m/n/6 ([])  
 []


Overfull \hbox (42.82207pt too wide) in paragraph at lines 816--816
 [][][][]  
 []




Overfull \hbox (28.59685pt too wide) has occurred while \output is active
 [][]  \OT1/cmss/m/n/6 ([])  
 []


Overfull \hbox (42.82207pt too wide) has occurred while \output is active
 [][][][]  
 []

[39

]
Overfull \hbox (28.59685pt too wide) in paragraph at lines 861--861
 [][]  \OT1/cmss/m/n/6 ([])  
 []


Overfull \hbox (42.82207pt too wide) in paragraph at lines 861--861
 [][][][]  
 []




Overfull \hbox (28.59685pt too wide) has occurred while \output is active
 [][]  \OT1/cmss/m/n/6 ([])  
 []


Overfull \hbox (42.82207pt too wide) has occurred while \output is active
 [][][][]  
 []

[40

]
Overfull \hbox (28.59685pt too wide) in paragraph at lines 886--886
 [][]  \OT1/cmss/m/n/6 ([])  
 []


Overfull \hbox (42.82207pt too wide) in paragraph at lines 886--886
 [][][][]  
 []

<../Images/Figures/StateAggregation.png, id=578, 337.26pt x 266.49562pt>
File: ../Images/Figures/StateAggregation.png Graphic file (type png)
<use ../Images/Figures/StateAggregation.png>
Package pdftex.def Info: ../Images/Figures/StateAggregation.png  used on input 
line 886.
(pdftex.def)             Requested size: 154.03183pt x 121.7152pt.



Overfull \hbox (28.59685pt too wide) has occurred while \output is active
 [][]  \OT1/cmss/m/n/6 ([])  
 []


Overfull \hbox (42.82207pt too wide) has occurred while \output is active
 [][][][]  
 []

[41

 <../Images/Figures/StateAggregation.png>]
Overfull \hbox (28.59685pt too wide) in paragraph at lines 903--903
 [][]  \OT1/cmss/m/n/6 ([])  
 []


Overfull \hbox (42.82207pt too wide) in paragraph at lines 903--903
 [][][][]  
 []

<../Images/Figures/NeuralNetwork.png, id=587, 743.77875pt x 238.64156pt>
File: ../Images/Figures/NeuralNetwork.png Graphic file (type png)
<use ../Images/Figures/NeuralNetwork.png>
Package pdftex.def Info: ../Images/Figures/NeuralNetwork.png  used on input lin
e 903.
(pdftex.def)             Requested size: 239.60567pt x 76.87663pt.



Overfull \hbox (28.59685pt too wide) has occurred while \output is active
 [][]  \OT1/cmss/m/n/6 ([])  
 []


Overfull \hbox (42.82207pt too wide) has occurred while \output is active
 [][][][]  
 []

[42

 <../Images/Figures/NeuralNetwork.png>]
Overfull \hbox (28.59685pt too wide) in paragraph at lines 931--931
 [][]  \OT1/cmss/m/n/6 ([])  
 []


Overfull \hbox (42.82207pt too wide) in paragraph at lines 931--931
 [][][][]  
 []




Overfull \hbox (28.59685pt too wide) has occurred while \output is active
 [][]  \OT1/cmss/m/n/6 ([])  
 []


Overfull \hbox (42.82207pt too wide) has occurred while \output is active
 [][][][]  
 []

[43

]
Overfull \hbox (28.59685pt too wide) in paragraph at lines 966--966
 [][]  \OT1/cmss/m/n/6 ([])  
 []


Overfull \hbox (42.82207pt too wide) in paragraph at lines 966--966
 [][][][]  
 []




Overfull \hbox (28.59685pt too wide) has occurred while \output is active
 [][]  \OT1/cmss/m/n/6 ([])  
 []


Overfull \hbox (42.82207pt too wide) has occurred while \output is active
 [][][][]  
 []

[44

]
Overfull \hbox (28.59685pt too wide) in paragraph at lines 1017--1017
 [][]  \OT1/cmss/m/n/6 ([])  
 []


Overfull \hbox (42.82207pt too wide) in paragraph at lines 1017--1017
 [][][][]  
 []


Overfull \vbox (8.05319pt too high) detected at line 1017
 []




Overfull \hbox (28.59685pt too wide) has occurred while \output is active
 [][]  \OT1/cmss/m/n/6 ([])  
 []


Overfull \hbox (42.82207pt too wide) has occurred while \output is active
 [][][][]  
 []

[45

]
Overfull \hbox (28.59685pt too wide) in paragraph at lines 1036--1036
 [][]  \OT1/cmss/m/n/6 ([])  
 []


Overfull \hbox (42.82207pt too wide) in paragraph at lines 1036--1036
 [][][][]  
 []




Overfull \hbox (28.59685pt too wide) has occurred while \output is active
 [][]  \OT1/cmss/m/n/6 ([])  
 []


Overfull \hbox (42.82207pt too wide) has occurred while \output is active
 [][][][]  
 []

[46

]
Overfull \hbox (28.59685pt too wide) in paragraph at lines 1057--1057
 [][]  \OT1/cmss/m/n/6 ([])  
 []


Overfull \hbox (42.82207pt too wide) in paragraph at lines 1057--1057
 [][][][]  
 []




Overfull \hbox (28.59685pt too wide) has occurred while \output is active
 [][]  \OT1/cmss/m/n/6 ([])  
 []


Overfull \hbox (42.82207pt too wide) has occurred while \output is active
 [][][][]  
 []

[47

]
Overfull \hbox (28.59685pt too wide) in paragraph at lines 1079--1079
 [][]  \OT1/cmss/m/n/6 ([])  
 []


Overfull \hbox (42.82207pt too wide) in paragraph at lines 1079--1079
 [][][][]  
 []




Overfull \hbox (28.59685pt too wide) has occurred while \output is active
 [][]  \OT1/cmss/m/n/6 ([])  
 []


Overfull \hbox (42.82207pt too wide) has occurred while \output is active
 [][][][]  
 []

[48

]
Overfull \hbox (28.59685pt too wide) in paragraph at lines 1093--1093
 [][]  \OT1/cmss/m/n/6 ([])  
 []


Overfull \hbox (42.82207pt too wide) in paragraph at lines 1093--1093
 [][][][]  
 []




Overfull \hbox (28.59685pt too wide) has occurred while \output is active
 [][]  \OT1/cmss/m/n/6 ([])  
 []


Overfull \hbox (42.82207pt too wide) has occurred while \output is active
 [][][][]  
 []

[49

]
Overfull \hbox (28.59685pt too wide) in paragraph at lines 1109--1109
 [][]  \OT1/cmss/m/n/6 ([])  
 []


Overfull \hbox (42.82207pt too wide) in paragraph at lines 1109--1109
 [][][][]  
 []




Overfull \hbox (28.59685pt too wide) has occurred while \output is active
 [][]  \OT1/cmss/m/n/6 ([])  
 []


Overfull \hbox (42.82207pt too wide) has occurred while \output is active
 [][][][]  
 []

[50

]
Overfull \hbox (28.59685pt too wide) in paragraph at lines 1119--1119
 [][]  \OT1/cmss/m/n/6 ([])  
 []


Overfull \hbox (42.82207pt too wide) in paragraph at lines 1119--1119
 [][][][]  
 []




Overfull \hbox (28.59685pt too wide) has occurred while \output is active
 [][]  \OT1/cmss/m/n/6 ([])  
 []


Overfull \hbox (42.82207pt too wide) has occurred while \output is active
 [][][][]  
 []

[51

]
Overfull \hbox (28.59685pt too wide) in paragraph at lines 1142--1142
 [][]  \OT1/cmss/m/n/6 ([])  
 []


Overfull \hbox (42.82207pt too wide) in paragraph at lines 1142--1142
 [][][][]  
 []




Overfull \hbox (28.59685pt too wide) has occurred while \output is active
 [][]  \OT1/cmss/m/n/6 ([])  
 []


Overfull \hbox (42.82207pt too wide) has occurred while \output is active
 [][][][]  
 []

[52

]
Overfull \hbox (28.59685pt too wide) in paragraph at lines 1159--1159
 [][]  \OT1/cmss/m/n/6 ([])  
 []


Overfull \hbox (42.82207pt too wide) in paragraph at lines 1159--1159
 [][][][]  
 []




Overfull \hbox (28.59685pt too wide) has occurred while \output is active
 [][]  \OT1/cmss/m/n/6 ([])  
 []


Overfull \hbox (42.82207pt too wide) has occurred while \output is active
 [][][][]  
 []

[53

]
Overfull \hbox (28.59685pt too wide) in paragraph at lines 1181--1181
 [][]  \OT1/cmss/m/n/6 ([])  
 []


Overfull \hbox (42.82207pt too wide) in paragraph at lines 1181--1181
 [][][][]  
 []


Overfull \vbox (1.79951pt too high) detected at line 1181
 []




Overfull \hbox (28.59685pt too wide) has occurred while \output is active
 [][]  \OT1/cmss/m/n/6 ([])  
 []


Overfull \hbox (42.82207pt too wide) has occurred while \output is active
 [][][][]  
 []

[54

]
Overfull \hbox (28.59685pt too wide) in paragraph at lines 1207--1207
 [][]  \OT1/cmss/m/n/6 ([])  
 []


Overfull \hbox (42.82207pt too wide) in paragraph at lines 1207--1207
 [][][][]  
 []




Overfull \hbox (28.59685pt too wide) has occurred while \output is active
 [][]  \OT1/cmss/m/n/6 ([])  
 []


Overfull \hbox (42.82207pt too wide) has occurred while \output is active
 [][][][]  
 []

[55

]
Overfull \hbox (28.59685pt too wide) in paragraph at lines 1223--1223
 [][]  \OT1/cmss/m/n/6 ([])  
 []


Overfull \hbox (42.82207pt too wide) in paragraph at lines 1223--1223
 [][][][]  
 []




Overfull \hbox (28.59685pt too wide) has occurred while \output is active
 [][]  \OT1/cmss/m/n/6 ([])  
 []


Overfull \hbox (42.82207pt too wide) has occurred while \output is active
 [][][][]  
 []

[56

]
Overfull \hbox (28.59685pt too wide) in paragraph at lines 1240--1240
 [][]  \OT1/cmss/m/n/6 ([])  
 []


Overfull \hbox (42.82207pt too wide) in paragraph at lines 1240--1240
 [][][][]  
 []


Overfull \vbox (0.57701pt too high) detected at line 1240
 []




Overfull \hbox (28.59685pt too wide) has occurred while \output is active
 [][]  \OT1/cmss/m/n/6 ([])  
 []


Overfull \hbox (42.82207pt too wide) has occurred while \output is active
 [][][][]  
 []

[57

]
Overfull \hbox (28.59685pt too wide) in paragraph at lines 1254--1254
 [][]  \OT1/cmss/m/n/6 ([])  
 []


Overfull \hbox (42.82207pt too wide) in paragraph at lines 1254--1254
 [][][][]  
 []




Overfull \hbox (28.59685pt too wide) has occurred while \output is active
 [][]  \OT1/cmss/m/n/6 ([])  
 []


Overfull \hbox (42.82207pt too wide) has occurred while \output is active
 [][][][]  
 []

[58

]
Overfull \hbox (28.59685pt too wide) in paragraph at lines 1282--1282
 [][]  \OT1/cmss/m/n/6 ([])  
 []


Overfull \hbox (42.82207pt too wide) in paragraph at lines 1282--1282
 [][][][]  
 []




Overfull \hbox (28.59685pt too wide) has occurred while \output is active
 [][]  \OT1/cmss/m/n/6 ([])  
 []


Overfull \hbox (42.82207pt too wide) has occurred while \output is active
 [][][][]  
 []

[59

]
Overfull \hbox (28.59685pt too wide) in paragraph at lines 1299--1299
 [][]  \OT1/cmss/m/n/6 ([])  
 []


Overfull \hbox (42.82207pt too wide) in paragraph at lines 1299--1299
 [][][][]  
 []




Overfull \hbox (28.59685pt too wide) has occurred while \output is active
 [][]  \OT1/cmss/m/n/6 ([])  
 []


Overfull \hbox (42.82207pt too wide) has occurred while \output is active
 [][][][]  
 []

[60

]
Overfull \hbox (28.59685pt too wide) in paragraph at lines 1321--1321
 [][]  \OT1/cmss/m/n/6 ([])  
 []


Overfull \hbox (42.82207pt too wide) in paragraph at lines 1321--1321
 [][][][]  
 []




Overfull \hbox (28.59685pt too wide) has occurred while \output is active
 [][]  \OT1/cmss/m/n/6 ([])  
 []


Overfull \hbox (42.82207pt too wide) has occurred while \output is active
 [][][][]  
 []

[61

]
Overfull \hbox (28.59685pt too wide) in paragraph at lines 1340--1340
 [][]  \OT1/cmss/m/n/6 ([])  
 []


Overfull \hbox (42.82207pt too wide) in paragraph at lines 1340--1340
 [][][][]  
 []




Overfull \hbox (28.59685pt too wide) has occurred while \output is active
 [][]  \OT1/cmss/m/n/6 ([])  
 []


Overfull \hbox (42.82207pt too wide) has occurred while \output is active
 [][][][]  
 []

[62

]
Overfull \hbox (28.59685pt too wide) in paragraph at lines 1357--1357
 [][]  \OT1/cmss/m/n/6 ([])  
 []


Overfull \hbox (42.82207pt too wide) in paragraph at lines 1357--1357
 [][][][]  
 []




Overfull \hbox (28.59685pt too wide) has occurred while \output is active
 [][]  \OT1/cmss/m/n/6 ([])  
 []


Overfull \hbox (42.82207pt too wide) has occurred while \output is active
 [][][][]  
 []

[63

]
Overfull \hbox (28.59685pt too wide) in paragraph at lines 1395--1395
 [][]  \OT1/cmss/m/n/6 ([])  
 []


Overfull \hbox (42.82207pt too wide) in paragraph at lines 1395--1395
 [][][][]  
 []




Overfull \hbox (28.59685pt too wide) has occurred while \output is active
 [][]  \OT1/cmss/m/n/6 ([])  
 []


Overfull \hbox (42.82207pt too wide) has occurred while \output is active
 [][][][]  
 []

[64

]
\tf@nav=\write6
\openout6 = `module3.nav'.

\tf@toc=\write7
\openout7 = `module3.toc'.

\tf@snm=\write8
\openout8 = `module3.snm'.

 (module3.aux
LaTeX Info: Redefining \. on input line 11.
LaTeX Info: Redefining \% on input line 11.
)
 ***********
LaTeX2e <2025-06-01> patch level 1
L3 programming layer <2025-06-09>
 ***********


LaTeX Font Warning: Some font shapes were not available, defaults substituted.

Package rerunfilecheck Info: File `module3.out' has not changed.
(rerunfilecheck)             Checksum: D41D8CD98F00B204E9800998ECF8427E;0.
 ) 
Here is how much of TeX's memory you used:
 28231 strings out of 468221
 568093 string characters out of 5432892
 941485 words of memory out of 5000000
 56071 multiletter control sequences out of 15000+600000
 645380 words of font info for 107 fonts, out of 8000000 for 9000
 1141 hyphenation exceptions out of 8191
 128i,22n,123p,384b,1086s stack positions out of 10000i,1000n,20000p,200000b,200000s
<C:/Users/danie/AppData/Local/Programs/MiKTeX/fonts/type1/public/amsfonts/cm/
cmex10.pfb><C:/Users/danie/AppData/Local/Programs/MiKTeX/fonts/type1/public/ams
fonts/cmextra/cmex7.pfb><C:/Users/danie/AppData/Local/Programs/MiKTeX/fonts/typ
e1/public/amsfonts/cmextra/cmex9.pfb><C:/Users/danie/AppData/Local/Programs/MiK
TeX/fonts/type1/public/amsfonts/cm/cmmi10.pfb><C:/Users/danie/AppData/Local/Pro
grams/MiKTeX/fonts/type1/public/amsfonts/cm/cmmi12.pfb><C:/Users/danie/AppData/
Local/Programs/MiKTeX/fonts/type1/public/amsfonts/cm/cmmi5.pfb><C:/Users/danie/
AppData/Local/Programs/MiKTeX/fonts/type1/public/amsfonts/cm/cmmi6.pfb><C:/User
s/danie/AppData/Local/Programs/MiKTeX/fonts/type1/public/amsfonts/cm/cmmi7.pfb>
<C:/Users/danie/AppData/Local/Programs/MiKTeX/fonts/type1/public/amsfonts/cm/cm
mi8.pfb><C:/Users/danie/AppData/Local/Programs/MiKTeX/fonts/type1/public/amsfon
ts/cm/cmmi9.pfb><C:/Users/danie/AppData/Local/Programs/MiKTeX/fonts/type1/publi
c/amsfonts/cm/cmss10.pfb><C:/Users/danie/AppData/Local/Programs/MiKTeX/fonts/ty
pe1/public/amsfonts/cm/cmss12.pfb><C:/Users/danie/AppData/Local/Programs/MiKTeX
/fonts/type1/public/amsfonts/cm/cmss8.pfb><C:/Users/danie/AppData/Local/Program
s/MiKTeX/fonts/type1/public/amsfonts/cm/cmss9.pfb><C:/Users/danie/AppData/Local
/Programs/MiKTeX/fonts/type1/public/amsfonts/cm/cmssbx10.pfb><C:/Users/danie/Ap
pData/Local/Programs/MiKTeX/fonts/type1/public/amsfonts/cm/cmssi10.pfb><C:/User
s/danie/AppData/Local/Programs/MiKTeX/fonts/type1/public/amsfonts/cm/cmssi12.pf
b><C:/Users/danie/AppData/Local/Programs/MiKTeX/fonts/type1/public/amsfonts/cm/
cmssi8.pfb><C:/Users/danie/AppData/Local/Programs/MiKTeX/fonts/type1/public/ams
fonts/cm/cmssi9.pfb><C:/Users/danie/AppData/Local/Programs/MiKTeX/fonts/type1/p
ublic/amsfonts/cm/cmsy10.pfb><C:/Users/danie/AppData/Local/Programs/MiKTeX/font
s/type1/public/amsfonts/cm/cmsy5.pfb><C:/Users/danie/AppData/Local/Programs/MiK
TeX/fonts/type1/public/amsfonts/cm/cmsy6.pfb><C:/Users/danie/AppData/Local/Prog
rams/MiKTeX/fonts/type1/public/amsfonts/cm/cmsy7.pfb><C:/Users/danie/AppData/Lo
cal/Programs/MiKTeX/fonts/type1/public/amsfonts/cm/cmsy8.pfb><C:/Users/danie/Ap
pData/Local/Programs/MiKTeX/fonts/type1/public/amsfonts/cm/cmsy9.pfb><C:/Users/
danie/AppData/Local/Programs/MiKTeX/fonts/type1/public/amsfonts/latxfont/lasy10
.pfb><C:/Users/danie/AppData/Local/Programs/MiKTeX/fonts/type1/public/amsfonts/
symbols/msbm10.pfb><C:/Users/danie/AppData/Local/Programs/MiKTeX/fonts/type1/pu
blic/amsfonts/symbols/msbm7.pfb>
Output written on module3.pdf (64 pages, 1577908 bytes).
PDF statistics:
 1071 PDF objects out of 1200 (max. 8388607)
 129 named destinations out of 1000 (max. 500000)
 1316 words of extra memory for PDF output out of 10000 (max. 10000000)

