This is pdfTeX, Version 3.141592653-2.6-1.40.27 (MiKTeX 25.4) (preloaded format=pdflatex 2025.7.5)  7 APR 2026 11:19
entering extended mode
 restricted \write18 enabled.
 %&-line parsing enabled.
**./Clase1.tex
(Clase1.tex
LaTeX2e <2025-06-01> patch level 1
L3 programming layer <2025-06-09>
(C:\Users\danie\AppData\Local\Programs\MiKTeX\tex/latex/beamer\beamer.cls
Document Class: beamer 2025/06/15 v3.74 A class for typesetting presentations

(C:\Users\danie\AppData\Local\Programs\MiKTeX\tex/latex/beamer\beamerbasemodes.
sty
(C:\Users\danie\AppData\Local\Programs\MiKTeX\tex/latex/etoolbox\etoolbox.sty
Package: etoolbox 2025/02/11 v2.5l e-TeX tools for LaTeX (JAW)
\etb@tempcnta=\count275
)
\beamer@tempbox=\box53
\beamer@tempcount=\count276
\c@beamerpauses=\count277

(C:\Users\danie\AppData\Local\Programs\MiKTeX\tex/latex/beamer\beamerbasedecode
.sty
\beamer@slideinframe=\count278
\beamer@minimum=\count279
\beamer@decode@box=\box54
)
\beamer@commentbox=\box55
\beamer@modecount=\count280
)
(C:\Users\danie\AppData\Local\Programs\MiKTeX\tex/generic/iftex\iftex.sty
Package: iftex 2024/12/12 v1.0g TeX engine tests
)
\headdp=\dimen148
\footheight=\dimen149
\sidebarheight=\dimen150
\beamer@tempdim=\dimen151
\beamer@finalheight=\dimen152
\beamer@animht=\dimen153
\beamer@animdp=\dimen154
\beamer@animwd=\dimen155
\beamer@leftmargin=\dimen156
\beamer@rightmargin=\dimen157
\beamer@leftsidebar=\dimen158
\beamer@rightsidebar=\dimen159
\beamer@boxsize=\dimen160
\beamer@vboxoffset=\dimen161
\beamer@descdefault=\dimen162
\beamer@descriptionwidth=\dimen163
\beamer@lastskip=\skip49
\beamer@areabox=\box56
\beamer@animcurrent=\box57
\beamer@animshowbox=\box58
\beamer@sectionbox=\box59
\beamer@logobox=\box60
\beamer@linebox=\box61
\beamer@sectioncount=\count281
\beamer@subsubsectionmax=\count282
\beamer@subsectionmax=\count283
\beamer@sectionmax=\count284
\beamer@totalheads=\count285
\beamer@headcounter=\count286
\beamer@partstartpage=\count287
\beamer@sectionstartpage=\count288
\beamer@subsectionstartpage=\count289
\beamer@animationtempa=\count290
\beamer@animationtempb=\count291
\beamer@xpos=\count292
\beamer@ypos=\count293
\beamer@ypos@offset=\count294
\beamer@showpartnumber=\count295
\beamer@currentsubsection=\count296
\beamer@coveringdepth=\count297
\beamer@sectionadjust=\count298
\beamer@toclastsection=\count299
\beamer@tocsectionnumber=\count300

(C:\Users\danie\AppData\Local\Programs\MiKTeX\tex/latex/beamer\beamerbaseoption
s.sty
(C:\Users\danie\AppData\Local\Programs\MiKTeX\tex/latex/graphics\keyval.sty
Package: keyval 2022/05/29 v1.15 key=value parser (DPC)
\KV@toks@=\toks17
))
\beamer@paperwidth=\skip50
\beamer@paperheight=\skip51

(C:\Users\danie\AppData\Local\Programs\MiKTeX\tex/latex/geometry\geometry.sty
Package: geometry 2020/01/02 v5.9 Page Geometry

(C:\Users\danie\AppData\Local\Programs\MiKTeX\tex/generic/iftex\ifvtex.sty
Package: ifvtex 2019/10/25 v1.7 ifvtex legacy package. Use iftex instead.
)
\Gm@cnth=\count301
\Gm@cntv=\count302
\c@Gm@tempcnt=\count303
\Gm@bindingoffset=\dimen164
\Gm@wd@mp=\dimen165
\Gm@odd@mp=\dimen166
\Gm@even@mp=\dimen167
\Gm@layoutwidth=\dimen168
\Gm@layoutheight=\dimen169
\Gm@layouthoffset=\dimen170
\Gm@layoutvoffset=\dimen171
\Gm@dimlist=\toks18

(C:\Users\danie\AppData\Local\Programs\MiKTeX\tex/latex/geometry\geometry.cfg))
(C:\Users\danie\AppData\Local\Programs\MiKTeX\tex/latex/pgf/math\pgfmath.sty
(C:\Users\danie\AppData\Local\Programs\MiKTeX\tex/latex/pgf/utilities\pgfrcs.st
y
(C:\Users\danie\AppData\Local\Programs\MiKTeX\tex/generic/pgf/utilities\pgfutil
-common.tex
\pgfutil@everybye=\toks19
\pgfutil@tempdima=\dimen172
\pgfutil@tempdimb=\dimen173
)
(C:\Users\danie\AppData\Local\Programs\MiKTeX\tex/generic/pgf/utilities\pgfutil
-latex.def
\pgfutil@abb=\box62
)
(C:\Users\danie\AppData\Local\Programs\MiKTeX\tex/generic/pgf/utilities\pgfrcs.
code.tex
(C:\Users\danie\AppData\Local\Programs\MiKTeX\tex/generic/pgf\pgf.revision.tex)
Package: pgfrcs 2023-01-15 v3.1.10 (3.1.10)
))
(C:\Users\danie\AppData\Local\Programs\MiKTeX\tex/latex/pgf/utilities\pgfkeys.s
ty
(C:\Users\danie\AppData\Local\Programs\MiKTeX\tex/generic/pgf/utilities\pgfkeys
.code.tex
\pgfkeys@pathtoks=\toks20
\pgfkeys@temptoks=\toks21

(C:\Users\danie\AppData\Local\Programs\MiKTeX\tex/generic/pgf/utilities\pgfkeys
libraryfiltered.code.tex
\pgfkeys@tmptoks=\toks22
)))
(C:\Users\danie\AppData\Local\Programs\MiKTeX\tex/generic/pgf/math\pgfmath.code
.tex
(C:\Users\danie\AppData\Local\Programs\MiKTeX\tex/generic/pgf/math\pgfmathutil.
code.tex
\pgf@x=\dimen174
\pgf@xa=\dimen175
\pgf@xb=\dimen176
\pgf@xc=\dimen177
\pgf@y=\dimen178
\pgf@ya=\dimen179
\pgf@yb=\dimen180
\pgf@yc=\dimen181
\c@pgf@counta=\count304
\c@pgf@countb=\count305
\c@pgf@countc=\count306
\c@pgf@countd=\count307
)
(C:\Users\danie\AppData\Local\Programs\MiKTeX\tex/generic/pgf/math\pgfmathparse
r.code.tex
\pgfmath@dimen=\dimen182
\pgfmath@count=\count308
\pgfmath@box=\box63
\pgfmath@toks=\toks23
\pgfmath@stack@operand=\toks24
\pgfmath@stack@operation=\toks25
)
(C:\Users\danie\AppData\Local\Programs\MiKTeX\tex/generic/pgf/math\pgfmathfunct
ions.code.tex)
(C:\Users\danie\AppData\Local\Programs\MiKTeX\tex/generic/pgf/math\pgfmathfunct
ions.basic.code.tex)
(C:\Users\danie\AppData\Local\Programs\MiKTeX\tex/generic/pgf/math\pgfmathfunct
ions.trigonometric.code.tex)
(C:\Users\danie\AppData\Local\Programs\MiKTeX\tex/generic/pgf/math\pgfmathfunct
ions.random.code.tex)
(C:\Users\danie\AppData\Local\Programs\MiKTeX\tex/generic/pgf/math\pgfmathfunct
ions.comparison.code.tex)
(C:\Users\danie\AppData\Local\Programs\MiKTeX\tex/generic/pgf/math\pgfmathfunct
ions.base.code.tex)
(C:\Users\danie\AppData\Local\Programs\MiKTeX\tex/generic/pgf/math\pgfmathfunct
ions.round.code.tex)
(C:\Users\danie\AppData\Local\Programs\MiKTeX\tex/generic/pgf/math\pgfmathfunct
ions.misc.code.tex)
(C:\Users\danie\AppData\Local\Programs\MiKTeX\tex/generic/pgf/math\pgfmathfunct
ions.integerarithmetics.code.tex)
(C:\Users\danie\AppData\Local\Programs\MiKTeX\tex/generic/pgf/math\pgfmathcalc.
code.tex)
(C:\Users\danie\AppData\Local\Programs\MiKTeX\tex/generic/pgf/math\pgfmathfloat
.code.tex
\c@pgfmathroundto@lastzeros=\count309
)))
(C:\Users\danie\AppData\Local\Programs\MiKTeX\tex/latex/base\size11.clo
File: size11.clo 2025/01/22 v1.4n Standard LaTeX file (size option)
)
(C:\Users\danie\AppData\Local\Programs\MiKTeX\tex/latex/pgf/basiclayer\pgfcore.
sty
(C:\Users\danie\AppData\Local\Programs\MiKTeX\tex/latex/graphics\graphicx.sty
Package: graphicx 2024/12/31 v1.2e Enhanced LaTeX Graphics (DPC,SPQR)

(C:\Users\danie\AppData\Local\Programs\MiKTeX\tex/latex/graphics\graphics.sty
Package: graphics 2024/08/06 v1.4g Standard LaTeX Graphics (DPC,SPQR)

(C:\Users\danie\AppData\Local\Programs\MiKTeX\tex/latex/graphics\trig.sty
Package: trig 2023/12/02 v1.11 sin cos tan (DPC)
)
(C:\Users\danie\AppData\Local\Programs\MiKTeX\tex/latex/graphics-cfg\graphics.c
fg
File: graphics.cfg 2016/06/04 v1.11 sample graphics configuration
)
Package graphics Info: Driver file: pdftex.def on input line 106.

(C:\Users\danie\AppData\Local\Programs\MiKTeX\tex/latex/graphics-def\pdftex.def
File: pdftex.def 2024/04/13 v1.2c Graphics/color driver for pdftex
))
\Gin@req@height=\dimen183
\Gin@req@width=\dimen184
)
(C:\Users\danie\AppData\Local\Programs\MiKTeX\tex/latex/pgf/systemlayer\pgfsys.
sty
(C:\Users\danie\AppData\Local\Programs\MiKTeX\tex/generic/pgf/systemlayer\pgfsy
s.code.tex
Package: pgfsys 2023-01-15 v3.1.10 (3.1.10)
\pgf@x=\dimen185
\pgf@y=\dimen186
\pgf@xa=\dimen187
\pgf@ya=\dimen188
\pgf@xb=\dimen189
\pgf@yb=\dimen190
\pgf@xc=\dimen191
\pgf@yc=\dimen192
\pgf@xd=\dimen193
\pgf@yd=\dimen194
\w@pgf@writea=\write3
\r@pgf@reada=\read2
\c@pgf@counta=\count310
\c@pgf@countb=\count311
\c@pgf@countc=\count312
\c@pgf@countd=\count313
\t@pgf@toka=\toks26
\t@pgf@tokb=\toks27
\t@pgf@tokc=\toks28
\pgf@sys@id@count=\count314

(C:\Users\danie\AppData\Local\Programs\MiKTeX\tex/generic/pgf/systemlayer\pgf.c
fg
File: pgf.cfg 2023-01-15 v3.1.10 (3.1.10)
)
Driver file for pgf: pgfsys-pdftex.def

(C:\Users\danie\AppData\Local\Programs\MiKTeX\tex/generic/pgf/systemlayer\pgfsy
s-pdftex.def
File: pgfsys-pdftex.def 2023-01-15 v3.1.10 (3.1.10)

(C:\Users\danie\AppData\Local\Programs\MiKTeX\tex/generic/pgf/systemlayer\pgfsy
s-common-pdf.def
File: pgfsys-common-pdf.def 2023-01-15 v3.1.10 (3.1.10)
)))
(C:\Users\danie\AppData\Local\Programs\MiKTeX\tex/generic/pgf/systemlayer\pgfsy
ssoftpath.code.tex
File: pgfsyssoftpath.code.tex 2023-01-15 v3.1.10 (3.1.10)
\pgfsyssoftpath@smallbuffer@items=\count315
\pgfsyssoftpath@bigbuffer@items=\count316
)
(C:\Users\danie\AppData\Local\Programs\MiKTeX\tex/generic/pgf/systemlayer\pgfsy
sprotocol.code.tex
File: pgfsysprotocol.code.tex 2023-01-15 v3.1.10 (3.1.10)
))
(C:\Users\danie\AppData\Local\Programs\MiKTeX\tex/latex/xcolor\xcolor.sty
Package: xcolor 2024/09/29 v3.02 LaTeX color extensions (UK)

(C:\Users\danie\AppData\Local\Programs\MiKTeX\tex/latex/graphics-cfg\color.cfg
File: color.cfg 2016/01/02 v1.6 sample color configuration
)
Package xcolor Info: Driver file: pdftex.def on input line 274.
(C:\Users\danie\AppData\Local\Programs\MiKTeX\tex/latex/graphics\mathcolor.ltx)
Package xcolor Info: Model `cmy' substituted by `cmy0' on input line 1349.
Package xcolor Info: Model `hsb' substituted by `rgb' on input line 1353.
Package xcolor Info: Model `RGB' extended on input line 1365.
Package xcolor Info: Model `HTML' substituted by `rgb' on input line 1367.
Package xcolor Info: Model `Hsb' substituted by `hsb' on input line 1368.
Package xcolor Info: Model `tHsb' substituted by `hsb' on input line 1369.
Package xcolor Info: Model `HSB' substituted by `hsb' on input line 1370.
Package xcolor Info: Model `Gray' substituted by `gray' on input line 1371.
Package xcolor Info: Model `wave' substituted by `hsb' on input line 1372.
)
(C:\Users\danie\AppData\Local\Programs\MiKTeX\tex/generic/pgf/basiclayer\pgfcor
e.code.tex
Package: pgfcore 2023-01-15 v3.1.10 (3.1.10)

(C:\Users\danie\AppData\Local\Programs\MiKTeX\tex/generic/pgf/math\pgfint.code.
tex)
(C:\Users\danie\AppData\Local\Programs\MiKTeX\tex/generic/pgf/basiclayer\pgfcor
epoints.code.tex
File: pgfcorepoints.code.tex 2023-01-15 v3.1.10 (3.1.10)
\pgf@picminx=\dimen195
\pgf@picmaxx=\dimen196
\pgf@picminy=\dimen197
\pgf@picmaxy=\dimen198
\pgf@pathminx=\dimen199
\pgf@pathmaxx=\dimen256
\pgf@pathminy=\dimen257
\pgf@pathmaxy=\dimen258
\pgf@xx=\dimen259
\pgf@xy=\dimen260
\pgf@yx=\dimen261
\pgf@yy=\dimen262
\pgf@zx=\dimen263
\pgf@zy=\dimen264
)
(C:\Users\danie\AppData\Local\Programs\MiKTeX\tex/generic/pgf/basiclayer\pgfcor
epathconstruct.code.tex
File: pgfcorepathconstruct.code.tex 2023-01-15 v3.1.10 (3.1.10)
\pgf@path@lastx=\dimen265
\pgf@path@lasty=\dimen266
)
(C:\Users\danie\AppData\Local\Programs\MiKTeX\tex/generic/pgf/basiclayer\pgfcor
epathusage.code.tex
File: pgfcorepathusage.code.tex 2023-01-15 v3.1.10 (3.1.10)
\pgf@shorten@end@additional=\dimen267
\pgf@shorten@start@additional=\dimen268
)
(C:\Users\danie\AppData\Local\Programs\MiKTeX\tex/generic/pgf/basiclayer\pgfcor
escopes.code.tex
File: pgfcorescopes.code.tex 2023-01-15 v3.1.10 (3.1.10)
\pgfpic=\box64
\pgf@hbox=\box65
\pgf@layerbox@main=\box66
\pgf@picture@serial@count=\count317
)
(C:\Users\danie\AppData\Local\Programs\MiKTeX\tex/generic/pgf/basiclayer\pgfcor
egraphicstate.code.tex
File: pgfcoregraphicstate.code.tex 2023-01-15 v3.1.10 (3.1.10)
\pgflinewidth=\dimen269
)
(C:\Users\danie\AppData\Local\Programs\MiKTeX\tex/generic/pgf/basiclayer\pgfcor
etransformations.code.tex
File: pgfcoretransformations.code.tex 2023-01-15 v3.1.10 (3.1.10)
\pgf@pt@x=\dimen270
\pgf@pt@y=\dimen271
\pgf@pt@temp=\dimen272
)
(C:\Users\danie\AppData\Local\Programs\MiKTeX\tex/generic/pgf/basiclayer\pgfcor
equick.code.tex
File: pgfcorequick.code.tex 2023-01-15 v3.1.10 (3.1.10)
)
(C:\Users\danie\AppData\Local\Programs\MiKTeX\tex/generic/pgf/basiclayer\pgfcor
eobjects.code.tex
File: pgfcoreobjects.code.tex 2023-01-15 v3.1.10 (3.1.10)
)
(C:\Users\danie\AppData\Local\Programs\MiKTeX\tex/generic/pgf/basiclayer\pgfcor
epathprocessing.code.tex
File: pgfcorepathprocessing.code.tex 2023-01-15 v3.1.10 (3.1.10)
)
(C:\Users\danie\AppData\Local\Programs\MiKTeX\tex/generic/pgf/basiclayer\pgfcor
earrows.code.tex
File: pgfcorearrows.code.tex 2023-01-15 v3.1.10 (3.1.10)
\pgfarrowsep=\dimen273
)
(C:\Users\danie\AppData\Local\Programs\MiKTeX\tex/generic/pgf/basiclayer\pgfcor
eshade.code.tex
File: pgfcoreshade.code.tex 2023-01-15 v3.1.10 (3.1.10)
\pgf@max=\dimen274
\pgf@sys@shading@range@num=\count318
\pgf@shadingcount=\count319
)
(C:\Users\danie\AppData\Local\Programs\MiKTeX\tex/generic/pgf/basiclayer\pgfcor
eimage.code.tex
File: pgfcoreimage.code.tex 2023-01-15 v3.1.10 (3.1.10)
)
(C:\Users\danie\AppData\Local\Programs\MiKTeX\tex/generic/pgf/basiclayer\pgfcor
eexternal.code.tex
File: pgfcoreexternal.code.tex 2023-01-15 v3.1.10 (3.1.10)
\pgfexternal@startupbox=\box67
)
(C:\Users\danie\AppData\Local\Programs\MiKTeX\tex/generic/pgf/basiclayer\pgfcor
elayers.code.tex
File: pgfcorelayers.code.tex 2023-01-15 v3.1.10 (3.1.10)
)
(C:\Users\danie\AppData\Local\Programs\MiKTeX\tex/generic/pgf/basiclayer\pgfcor
etransparency.code.tex
File: pgfcoretransparency.code.tex 2023-01-15 v3.1.10 (3.1.10)
)
(C:\Users\danie\AppData\Local\Programs\MiKTeX\tex/generic/pgf/basiclayer\pgfcor
epatterns.code.tex
File: pgfcorepatterns.code.tex 2023-01-15 v3.1.10 (3.1.10)
)
(C:\Users\danie\AppData\Local\Programs\MiKTeX\tex/generic/pgf/basiclayer\pgfcor
erdf.code.tex
File: pgfcorerdf.code.tex 2023-01-15 v3.1.10 (3.1.10)
)))
(C:\Users\danie\AppData\Local\Programs\MiKTeX\tex/latex/pgf/utilities\xxcolor.s
ty
Package: xxcolor 2003/10/24 ver 0.1
\XC@nummixins=\count320
\XC@countmixins=\count321
)
(C:\Users\danie\AppData\Local\Programs\MiKTeX\tex/latex/base\atbegshi-ltx.sty
Package: atbegshi-ltx 2021/01/10 v1.0c Emulation of the original atbegshi
package with kernel methods
)
(C:\Users\danie\AppData\Local\Programs\MiKTeX\tex/latex/hyperref\hyperref.sty
Package: hyperref 2025-06-21 v7.01n Hypertext links for LaTeX

(C:\Users\danie\AppData\Local\Programs\MiKTeX\tex/latex/kvsetkeys\kvsetkeys.sty
Package: kvsetkeys 2022-10-05 v1.19 Key value parser (HO)
)
(C:\Users\danie\AppData\Local\Programs\MiKTeX\tex/generic/kvdefinekeys\kvdefine
keys.sty
Package: kvdefinekeys 2019-12-19 v1.6 Define keys (HO)
)
(C:\Users\danie\AppData\Local\Programs\MiKTeX\tex/generic/pdfescape\pdfescape.s
ty
Package: pdfescape 2019/12/09 v1.15 Implements pdfTeX's escape features (HO)

(C:\Users\danie\AppData\Local\Programs\MiKTeX\tex/generic/ltxcmds\ltxcmds.sty
Package: ltxcmds 2023-12-04 v1.26 LaTeX kernel commands for general use (HO)
)
(C:\Users\danie\AppData\Local\Programs\MiKTeX\tex/generic/pdftexcmds\pdftexcmds
.sty
Package: pdftexcmds 2020-06-27 v0.33 Utility functions of pdfTeX for LuaTeX (HO
)

(C:\Users\danie\AppData\Local\Programs\MiKTeX\tex/generic/infwarerr\infwarerr.s
ty
Package: infwarerr 2019/12/03 v1.5 Providing info/warning/error messages (HO)
)
Package pdftexcmds Info: \pdf@primitive is available.
Package pdftexcmds Info: \pdf@ifprimitive is available.
Package pdftexcmds Info: \pdfdraftmode found.
))
(C:\Users\danie\AppData\Local\Programs\MiKTeX\tex/latex/hycolor\hycolor.sty
Package: hycolor 2020-01-27 v1.10 Color options for hyperref/bookmark (HO)
)
(C:\Users\danie\AppData\Local\Programs\MiKTeX\tex/latex/hyperref\nameref.sty
Package: nameref 2025-06-21 v2.57 Cross-referencing by name of section

(C:\Users\danie\AppData\Local\Programs\MiKTeX\tex/latex/refcount\refcount.sty
Package: refcount 2019/12/15 v3.6 Data extraction from label references (HO)
)
(C:\Users\danie\AppData\Local\Programs\MiKTeX\tex/generic/gettitlestring\gettit
lestring.sty
Package: gettitlestring 2019/12/15 v1.6 Cleanup title references (HO)

(C:\Users\danie\AppData\Local\Programs\MiKTeX\tex/latex/kvoptions\kvoptions.sty
Package: kvoptions 2022-06-15 v3.15 Key value format for package options (HO)
))
\c@section@level=\count322
)
(C:\Users\danie\AppData\Local\Programs\MiKTeX\tex/generic/stringenc\stringenc.s
ty
Package: stringenc 2019/11/29 v1.12 Convert strings between diff. encodings (HO
)
)
\@linkdim=\dimen275
\Hy@linkcounter=\count323
\Hy@pagecounter=\count324
 (C:\Users\danie\AppData\Local\Programs\MiKTeX\tex/latex/hyperref\pd1enc.def
File: pd1enc.def 2025-06-21 v7.01n Hyperref: PDFDocEncoding definition (HO)
Now handling font encoding PD1 ...
... no UTF-8 mapping file for font encoding PD1
) (C:\Users\danie\AppData\Local\Programs\MiKTeX\tex/generic/intcalc\intcalc.sty
Package: intcalc 2019/12/15 v1.3 Expandable calculations with integers (HO)
)
\Hy@SavedSpaceFactor=\count325
 (C:\Users\danie\AppData\Local\Programs\MiKTeX\tex/latex/hyperref\puenc.def
File: puenc.def 2025-06-21 v7.01n Hyperref: PDF Unicode definition (HO)
Now handling font encoding PU ...
... no UTF-8 mapping file for font encoding PU
)
Package hyperref Info: Option `bookmarks' set `true' on input line 4052.
Package hyperref Info: Option `bookmarksopen' set `true' on input line 4052.
Package hyperref Info: Option `implicit' set `false' on input line 4052.
Package hyperref Info: Hyper figures OFF on input line 4181.
Package hyperref Info: Link nesting OFF on input line 4186.
Package hyperref Info: Hyper index ON on input line 4189.
Package hyperref Info: Plain pages OFF on input line 4196.
Package hyperref Info: Backreferencing OFF on input line 4201.
Package hyperref Info: Implicit mode OFF; no redefinition of LaTeX internals.
Package hyperref Info: Bookmarks ON on input line 4448.
\c@Hy@tempcnt=\count326

(C:\Users\danie\AppData\Local\Programs\MiKTeX\tex/latex/url\url.sty
\Urlmuskip=\muskip17
Package: url 2013/09/16  ver 3.4  Verb mode for urls, etc.
)
LaTeX Info: Redefining \url on input line 4787.
\XeTeXLinkMargin=\dimen276

(C:\Users\danie\AppData\Local\Programs\MiKTeX\tex/generic/bitset\bitset.sty
Package: bitset 2019/12/09 v1.3 Handle bit-vector datatype (HO)

(C:\Users\danie\AppData\Local\Programs\MiKTeX\tex/generic/bigintcalc\bigintcalc
.sty
Package: bigintcalc 2019/12/15 v1.5 Expandable calculations on big integers (HO
)
))
\Fld@menulength=\count327
\Field@Width=\dimen277
\Fld@charsize=\dimen278
Package hyperref Info: Hyper figures OFF on input line 6066.
Package hyperref Info: Link nesting OFF on input line 6071.
Package hyperref Info: Hyper index ON on input line 6074.
Package hyperref Info: backreferencing OFF on input line 6081.
Package hyperref Info: Link coloring OFF on input line 6086.
Package hyperref Info: Link coloring with OCG OFF on input line 6091.
Package hyperref Info: PDF/A mode OFF on input line 6096.
\Hy@abspage=\count328


Package hyperref Message: Stopped early.

)
Package hyperref Info: Driver (autodetected): hpdftex.
 (C:\Users\danie\AppData\Local\Programs\MiKTeX\tex/latex/hyperref\hpdftex.def
File: hpdftex.def 2025-06-21 v7.01n Hyperref driver for pdfTeX
\Fld@listcount=\count329
\c@bookmark@seq@number=\count330

(C:\Users\danie\AppData\Local\Programs\MiKTeX\tex/latex/rerunfilecheck\rerunfil
echeck.sty
Package: rerunfilecheck 2025-06-21 v1.11 Rerun checks for auxiliary files (HO)

(C:\Users\danie\AppData\Local\Programs\MiKTeX\tex/generic/uniquecounter\uniquec
ounter.sty
Package: uniquecounter 2019/12/15 v1.4 Provide unlimited unique counter (HO)
)
Package uniquecounter Info: New unique counter `rerunfilecheck' on input line 2
84.
))
(C:\Users\danie\AppData\Local\Programs\MiKTeX\tex/latex/beamer\beamerbaserequir
es.sty
(C:\Users\danie\AppData\Local\Programs\MiKTeX\tex/latex/beamer\beamerbasecompat
ibility.sty)
(C:\Users\danie\AppData\Local\Programs\MiKTeX\tex/latex/beamer\beamerbasefont.s
ty (C:\Users\danie\AppData\Local\Programs\MiKTeX\tex/latex/amsfonts\amssymb.sty
Package: amssymb 2013/01/14 v3.01 AMS font symbols
(C:\Users\danie\AppData\Local\Programs\MiKTeX\tex/latex/amsfonts\amsfonts.sty
Package: amsfonts 2013/01/14 v3.01 Basic AMSFonts support
\@emptytoks=\toks29
\symAMSa=\mathgroup4
\symAMSb=\mathgroup5
LaTeX Font Info:    Redeclaring math symbol \hbar on input line 98.
LaTeX Font Info:    Overwriting math alphabet `\mathfrak' in version `bold'
(Font)                  U/euf/m/n --> U/euf/b/n on input line 106.
))
(C:\Users\danie\AppData\Local\Programs\MiKTeX\tex/latex/sansmathaccent\sansmath
accent.sty
Package: sansmathaccent 2020/01/31

(C:\Users\danie\AppData\Local\Programs\MiKTeX\tex/latex/koma-script\scrlfile.st
y
Package: scrlfile 2025/06/04 v3.45 KOMA-Script package (file load hooks)

(C:\Users\danie\AppData\Local\Programs\MiKTeX\tex/latex/koma-script\scrlfile-ho
ok.sty
Package: scrlfile-hook 2025/06/04 v3.45 KOMA-Script package (using LaTeX hooks)


(C:\Users\danie\AppData\Local\Programs\MiKTeX\tex/latex/koma-script\scrlogo.sty
Package: scrlogo 2025/06/04 v3.45 KOMA-Script package (logo)
)))))
(C:\Users\danie\AppData\Local\Programs\MiKTeX\tex/latex/beamer\beamerbasetransl
ator.sty
(C:\Users\danie\AppData\Local\Programs\MiKTeX\tex/latex/translator\translator.s
ty
Package: translator 2021-05-31 v1.12d Easy translation of strings in LaTeX
))
(C:\Users\danie\AppData\Local\Programs\MiKTeX\tex/latex/beamer\beamerbasemisc.s
ty)
(C:\Users\danie\AppData\Local\Programs\MiKTeX\tex/latex/beamer\beamerbasetwoscr
eens.sty)
(C:\Users\danie\AppData\Local\Programs\MiKTeX\tex/latex/beamer\beamerbaseoverla
y.sty
\beamer@argscount=\count331
\beamer@lastskipcover=\skip52
\beamer@trivlistdepth=\count332
)
(C:\Users\danie\AppData\Local\Programs\MiKTeX\tex/latex/beamer\beamerbasetitle.
sty)
(C:\Users\danie\AppData\Local\Programs\MiKTeX\tex/latex/beamer\beamerbasesectio
n.sty
\c@lecture=\count333
\c@part=\count334
\c@section=\count335
\c@subsection=\count336
\c@subsubsection=\count337
)
(C:\Users\danie\AppData\Local\Programs\MiKTeX\tex/latex/beamer\beamerbaseframe.
sty
\beamer@framebox=\box68
\beamer@frametitlebox=\box69
\beamer@zoombox=\box70
\beamer@zoomcount=\count338
\beamer@zoomframecount=\count339
\beamer@frametextheight=\dimen279
\c@subsectionslide=\count340
\beamer@frametopskip=\skip53
\beamer@framebottomskip=\skip54
\beamer@frametopskipautobreak=\skip55
\beamer@framebottomskipautobreak=\skip56
\beamer@envbody=\toks30
\framewidth=\dimen280
\c@framenumber=\count341
)
(C:\Users\danie\AppData\Local\Programs\MiKTeX\tex/latex/beamer\beamerbaseverbat
im.sty
\beamer@verbatimfileout=\write4
)
(C:\Users\danie\AppData\Local\Programs\MiKTeX\tex/latex/beamer\beamerbaseframes
ize.sty
\beamer@splitbox=\box71
\beamer@autobreakcount=\count342
\beamer@autobreaklastheight=\dimen281
\beamer@frametitletoks=\toks31
\beamer@framesubtitletoks=\toks32
)
(C:\Users\danie\AppData\Local\Programs\MiKTeX\tex/latex/beamer\beamerbaseframec
omponents.sty
\beamer@footins=\box72
)
(C:\Users\danie\AppData\Local\Programs\MiKTeX\tex/latex/beamer\beamerbasecolor.
sty)
(C:\Users\danie\AppData\Local\Programs\MiKTeX\tex/latex/beamer\beamerbasenotes.
sty
\beamer@frameboxcopy=\box73
)
(C:\Users\danie\AppData\Local\Programs\MiKTeX\tex/latex/beamer\beamerbasetoc.st
y)
(C:\Users\danie\AppData\Local\Programs\MiKTeX\tex/latex/beamer\beamerbasetempla
tes.sty
\beamer@sbttoks=\toks33

(C:\Users\danie\AppData\Local\Programs\MiKTeX\tex/latex/beamer\beamerbaseauxtem
plates.sty
(C:\Users\danie\AppData\Local\Programs\MiKTeX\tex/latex/beamer\beamerbaseboxes.
sty
\bmb@box=\box74
\bmb@colorbox=\box75
\bmb@boxwidth=\dimen282
\bmb@boxheight=\dimen283
\bmb@prevheight=\dimen284
\bmb@temp=\dimen285
\bmb@dima=\dimen286
\bmb@dimb=\dimen287
\bmb@prevheight=\dimen288
)
\beamer@blockheadheight=\dimen289
))
(C:\Users\danie\AppData\Local\Programs\MiKTeX\tex/latex/beamer\beamerbaselocals
tructure.sty
(C:\Users\danie\AppData\Local\Programs\MiKTeX\tex/latex/tools\enumerate.sty
Package: enumerate 2023/07/04 v3.00 enumerate extensions (DPC)
\@enLab=\toks34
)
\beamer@bibiconwidth=\skip57
\c@figure=\count343
\c@table=\count344
\abovecaptionskip=\skip58
\belowcaptionskip=\skip59
)
(C:\Users\danie\AppData\Local\Programs\MiKTeX\tex/latex/beamer\beamerbasenaviga
tion.sty
(C:\Users\danie\AppData\Local\Programs\MiKTeX\tex/latex/beamer\beamerbasenaviga
tionsymbols.tex)
\beamer@section@min@dim=\dimen290
)
(C:\Users\danie\AppData\Local\Programs\MiKTeX\tex/latex/beamer\beamerbasetheore
ms.sty
(C:\Users\danie\AppData\Local\Programs\MiKTeX\tex/latex/amsmath\amsmath.sty
Package: amsmath 2025/06/16 v2.17y AMS math features
\@mathmargin=\skip60

For additional information on amsmath, use the `?' option.
(C:\Users\danie\AppData\Local\Programs\MiKTeX\tex/latex/amsmath\amstext.sty
Package: amstext 2024/11/17 v2.01 AMS text

(C:\Users\danie\AppData\Local\Programs\MiKTeX\tex/latex/amsmath\amsgen.sty
File: amsgen.sty 1999/11/30 v2.0 generic functions
\@emptytoks=\toks35
\ex@=\dimen291
))
(C:\Users\danie\AppData\Local\Programs\MiKTeX\tex/latex/amsmath\amsbsy.sty
Package: amsbsy 1999/11/29 v1.2d Bold Symbols
\pmbraise@=\dimen292
)
(C:\Users\danie\AppData\Local\Programs\MiKTeX\tex/latex/amsmath\amsopn.sty
Package: amsopn 2022/04/08 v2.04 operator names
)
\inf@bad=\count345
LaTeX Info: Redefining \frac on input line 233.
\uproot@=\count346
\leftroot@=\count347
LaTeX Info: Redefining \overline on input line 398.
LaTeX Info: Redefining \colon on input line 409.
\classnum@=\count348
\DOTSCASE@=\count349
LaTeX Info: Redefining \ldots on input line 495.
LaTeX Info: Redefining \dots on input line 498.
LaTeX Info: Redefining \cdots on input line 619.
\Mathstrutbox@=\box76
\strutbox@=\box77
LaTeX Info: Redefining \big on input line 721.
LaTeX Info: Redefining \Big on input line 722.
LaTeX Info: Redefining \bigg on input line 723.
LaTeX Info: Redefining \Bigg on input line 724.
\big@size=\dimen293
LaTeX Font Info:    Redeclaring font encoding OML on input line 742.
LaTeX Font Info:    Redeclaring font encoding OMS on input line 743.
\macc@depth=\count350
LaTeX Info: Redefining \bmod on input line 904.
LaTeX Info: Redefining \pmod on input line 909.
LaTeX Info: Redefining \smash on input line 939.
LaTeX Info: Redefining \relbar on input line 969.
LaTeX Info: Redefining \Relbar on input line 970.
\c@MaxMatrixCols=\count351
\dotsspace@=\muskip18
\c@parentequation=\count352
\dspbrk@lvl=\count353
\tag@help=\toks36
\row@=\count354
\column@=\count355
\maxfields@=\count356
\andhelp@=\toks37
\eqnshift@=\dimen294
\alignsep@=\dimen295
\tagshift@=\dimen296
\tagwidth@=\dimen297
\totwidth@=\dimen298
\lineht@=\dimen299
\@envbody=\toks38
\multlinegap=\skip61
\multlinetaggap=\skip62
\mathdisplay@stack=\toks39
LaTeX Info: Redefining \[ on input line 2949.
LaTeX Info: Redefining \] on input line 2950.
)
(C:\Users\danie\AppData\Local\Programs\MiKTeX\tex/latex/amscls\amsthm.sty
Package: amsthm 2020/05/29 v2.20.6
\thm@style=\toks40
\thm@bodyfont=\toks41
\thm@headfont=\toks42
\thm@notefont=\toks43
\thm@headpunct=\toks44
\thm@preskip=\skip63
\thm@postskip=\skip64
\thm@headsep=\skip65
\dth@everypar=\toks45
)
\c@theorem=\count357
)
(C:\Users\danie\AppData\Local\Programs\MiKTeX\tex/latex/beamer\beamerbasethemes
.sty))
(C:\Users\danie\AppData\Local\Programs\MiKTeX\tex/latex/beamer\beamerthemedefau
lt.sty
(C:\Users\danie\AppData\Local\Programs\MiKTeX\tex/latex/beamer\beamerfontthemed
efault.sty)
(C:\Users\danie\AppData\Local\Programs\MiKTeX\tex/latex/beamer\beamercolortheme
default.sty)
(C:\Users\danie\AppData\Local\Programs\MiKTeX\tex/latex/beamer\beamerinnertheme
default.sty
\beamer@dima=\dimen300
\beamer@dimb=\dimen301
)
(C:\Users\danie\AppData\Local\Programs\MiKTeX\tex/latex/beamer\beameroutertheme
default.sty)))
(C:\Users\danie\AppData\Local\Programs\MiKTeX\tex/latex/multirow\multirow.sty
Package: multirow 2024/11/12 v2.9 Span multiple rows of a table
\multirow@colwidth=\skip66
\multirow@cntb=\count358
\multirow@dima=\skip67
\bigstrutjot=\dimen302
)
(C:\Users\danie\AppData\Local\Programs\MiKTeX\tex/latex/l3backend\l3backend-pdf
tex.def
File: l3backend-pdftex.def 2025-06-09 L3 backend support: PDF output (pdfTeX)
\l__color_backend_stack_int=\count359
) (Clase1.aux)
\openout1 = `Clase1.aux'.

LaTeX Font Info:    Checking defaults for OML/cmm/m/it on input line 11.
LaTeX Font Info:    ... okay on input line 11.
LaTeX Font Info:    Checking defaults for OMS/cmsy/m/n on input line 11.
LaTeX Font Info:    ... okay on input line 11.
LaTeX Font Info:    Checking defaults for OT1/cmr/m/n on input line 11.
LaTeX Font Info:    ... okay on input line 11.
LaTeX Font Info:    Checking defaults for T1/cmr/m/n on input line 11.
LaTeX Font Info:    ... okay on input line 11.
LaTeX Font Info:    Checking defaults for TS1/cmr/m/n on input line 11.
LaTeX Font Info:    ... okay on input line 11.
LaTeX Font Info:    Checking defaults for OMX/cmex/m/n on input line 11.
LaTeX Font Info:    ... okay on input line 11.
LaTeX Font Info:    Checking defaults for U/cmr/m/n on input line 11.
LaTeX Font Info:    ... okay on input line 11.
LaTeX Font Info:    Checking defaults for PD1/pdf/m/n on input line 11.
LaTeX Font Info:    ... okay on input line 11.
LaTeX Font Info:    Checking defaults for PU/pdf/m/n on input line 11.
LaTeX Font Info:    ... okay on input line 11.

*geometry* driver: auto-detecting
*geometry* detected driver: pdftex
*geometry* verbose mode - [ preamble ] result:
* driver: pdftex
* paper: custom
* layout: <same size as paper>
* layoutoffset:(h,v)=(0.0pt,0.0pt)
* modes: includehead includefoot 
* h-part:(L,W,R)=(28.45274pt, 307.28987pt, 28.45274pt)
* v-part:(T,H,B)=(0.0pt, 273.14662pt, 0.0pt)
* \paperwidth=364.19536pt
* \paperheight=273.14662pt
* \textwidth=307.28987pt
* \textheight=244.6939pt
* \oddsidemargin=-43.81725pt
* \evensidemargin=-43.81725pt
* \topmargin=-72.26999pt
* \headheight=14.22636pt
* \headsep=0.0pt
* \topskip=11.0pt
* \footskip=14.22636pt
* \marginparwidth=4.0pt
* \marginparsep=10.0pt
* \columnsep=10.0pt
* \skip\footins=10.0pt plus 4.0pt minus 2.0pt
* \hoffset=0.0pt
* \voffset=0.0pt
* \mag=1000
* \@twocolumnfalse
* \@twosidefalse
* \@mparswitchfalse
* \@reversemarginfalse
* (1in=72.27pt=25.4mm, 1cm=28.453pt)


(C:\Users\danie\AppData\Local\Programs\MiKTeX\tex/context/base/mkii\supp-pdf.mk
ii
[Loading MPS to PDF converter (version 2006.09.02).]
\scratchcounter=\count360
\scratchdimen=\dimen303
\scratchbox=\box78
\nofMPsegments=\count361
\nofMParguments=\count362
\everyMPshowfont=\toks46
\MPscratchCnt=\count363
\MPscratchDim=\dimen304
\MPnumerator=\count364
\makeMPintoPDFobject=\count365
\everyMPtoPDFconversion=\toks47
)
(C:\Users\danie\AppData\Local\Programs\MiKTeX\tex/latex/epstopdf-pkg\epstopdf-b
ase.sty
Package: epstopdf-base 2020-01-24 v2.11 Base part for package epstopdf
Package epstopdf-base Info: Redefining graphics rule for `.eps' on input line 4
85.

(C:\Users\danie\AppData\Local\Programs\MiKTeX\tex/latex/00miktex\epstopdf-sys.c
fg
File: epstopdf-sys.cfg 2021/03/18 v2.0 Configuration of epstopdf for MiKTeX
))
Package hyperref Info: Link coloring OFF on input line 11.
 (Clase1.out) (Clase1.out)
\@outlinefile=\write5
\openout5 = `Clase1.out'.

LaTeX Font Info:    Overwriting symbol font `operators' in version `normal'
(Font)                  OT1/cmr/m/n --> OT1/cmss/m/n on input line 11.
LaTeX Font Info:    Overwriting symbol font `operators' in version `bold'
(Font)                  OT1/cmr/bx/n --> OT1/cmss/b/n on input line 11.
\symnumbers=\mathgroup6
\sympureletters=\mathgroup7
LaTeX Font Info:    Overwriting math alphabet `\mathrm' in version `normal'
(Font)                  OT1/cmss/m/n --> OT1/cmr/m/n on input line 11.
LaTeX Font Info:    Redeclaring math alphabet \mathbf on input line 11.
LaTeX Font Info:    Overwriting math alphabet `\mathbf' in version `normal'
(Font)                  OT1/cmr/bx/n --> OT1/cmss/b/n on input line 11.
LaTeX Font Info:    Overwriting math alphabet `\mathbf' in version `bold'
(Font)                  OT1/cmr/bx/n --> OT1/cmss/b/n on input line 11.
LaTeX Font Info:    Redeclaring math alphabet \mathsf on input line 11.
LaTeX Font Info:    Overwriting math alphabet `\mathsf' in version `normal'
(Font)                  OT1/cmss/m/n --> OT1/cmss/m/n on input line 11.
LaTeX Font Info:    Overwriting math alphabet `\mathsf' in version `bold'
(Font)                  OT1/cmss/bx/n --> OT1/cmss/m/n on input line 11.
LaTeX Font Info:    Redeclaring math alphabet \mathit on input line 11.
LaTeX Font Info:    Overwriting math alphabet `\mathit' in version `normal'
(Font)                  OT1/cmr/m/it --> OT1/cmss/m/it on input line 11.
LaTeX Font Info:    Overwriting math alphabet `\mathit' in version `bold'
(Font)                  OT1/cmr/bx/it --> OT1/cmss/m/it on input line 11.
LaTeX Font Info:    Redeclaring math alphabet \mathtt on input line 11.
LaTeX Font Info:    Overwriting math alphabet `\mathtt' in version `normal'
(Font)                  OT1/cmtt/m/n --> OT1/cmtt/m/n on input line 11.
LaTeX Font Info:    Overwriting math alphabet `\mathtt' in version `bold'
(Font)                  OT1/cmtt/m/n --> OT1/cmtt/m/n on input line 11.
LaTeX Font Info:    Overwriting symbol font `numbers' in version `bold'
(Font)                  OT1/cmss/m/n --> OT1/cmss/b/n on input line 11.
LaTeX Font Info:    Overwriting symbol font `pureletters' in version `bold'
(Font)                  OT1/cmss/m/it --> OT1/cmss/b/it on input line 11.
LaTeX Font Info:    Overwriting math alphabet `\mathrm' in version `bold'
(Font)                  OT1/cmss/b/n --> OT1/cmr/b/n on input line 11.
LaTeX Font Info:    Overwriting math alphabet `\mathbf' in version `bold'
(Font)                  OT1/cmss/b/n --> OT1/cmss/b/n on input line 11.
LaTeX Font Info:    Overwriting math alphabet `\mathsf' in version `bold'
(Font)                  OT1/cmss/m/n --> OT1/cmss/b/n on input line 11.
LaTeX Font Info:    Overwriting math alphabet `\mathit' in version `bold'
(Font)                  OT1/cmss/m/it --> OT1/cmss/b/it on input line 11.
LaTeX Font Info:    Overwriting math alphabet `\mathtt' in version `bold'
(Font)                  OT1/cmtt/m/n --> OT1/cmtt/b/n on input line 11.
LaTeX Font Info:    Redeclaring symbol font `pureletters' on input line 11.
LaTeX Font Info:    Overwriting symbol font `pureletters' in version `normal'
(Font)                  OT1/cmss/m/it --> OT1/mathkerncmss/m/sl on input line 1
1.
LaTeX Font Info:    Overwriting symbol font `pureletters' in version `bold'
(Font)                  OT1/cmss/b/it --> OT1/mathkerncmss/m/sl on input line 1
1.
LaTeX Font Info:    Overwriting symbol font `pureletters' in version `bold'
(Font)                  OT1/mathkerncmss/m/sl --> OT1/mathkerncmss/bx/sl on inp
ut line 11.

(C:\Users\danie\AppData\Local\Programs\MiKTeX\tex/latex/translator\translator-b
asic-dictionary-English.dict
Dictionary: translator-basic-dictionary, Language: English 
)
(C:\Users\danie\AppData\Local\Programs\MiKTeX\tex/latex/translator\translator-b
ibliography-dictionary-English.dict
Dictionary: translator-bibliography-dictionary, Language: English 
)
(C:\Users\danie\AppData\Local\Programs\MiKTeX\tex/latex/translator\translator-e
nvironment-dictionary-English.dict
Dictionary: translator-environment-dictionary, Language: English 
)
(C:\Users\danie\AppData\Local\Programs\MiKTeX\tex/latex/translator\translator-m
onths-dictionary-English.dict
Dictionary: translator-months-dictionary, Language: English 
)
(C:\Users\danie\AppData\Local\Programs\MiKTeX\tex/latex/translator\translator-n
umbers-dictionary-English.dict
Dictionary: translator-numbers-dictionary, Language: English 
)
(C:\Users\danie\AppData\Local\Programs\MiKTeX\tex/latex/translator\translator-t
heorem-dictionary-English.dict
Dictionary: translator-theorem-dictionary, Language: English 
)
No file Clase1.nav.


[1

{C:/Users/danie/AppData/Local/MiKTeX/fonts/map/pdftex/pdftex.map}]
LaTeX Font Info:    Trying to load font information for U+msa on input line 35.


(C:\Users\danie\AppData\Local\Programs\MiKTeX\tex/latex/amsfonts\umsa.fd
File: umsa.fd 2013/01/14 v3.01 AMS symbols A
)
LaTeX Font Info:    Trying to load font information for U+msb on input line 35.


(C:\Users\danie\AppData\Local\Programs\MiKTeX\tex/latex/amsfonts\umsb.fd
File: umsb.fd 2013/01/14 v3.01 AMS symbols B
)
LaTeX Font Info:    Trying to load font information for OT1+mathkerncmss on inp
ut line 35.

(C:\Users\danie\AppData\Local\Programs\MiKTeX\tex/latex/sansmathaccent\ot1mathk
erncmss.fd
File: ot1mathkerncmss.fd 2020/01/31 Fontinst v1.933 font definitions for OT1/ma
thkerncmss.
)

[2

]

[3

]

[4

]

[5

]

[6

]

[7

]

[8

]

[9

]

[10

]

[11

]

[12

]

[13

]

[14

]

[15

]

[16

]

[17

]

[18

]
<../Images/MachineLearning/AprendizajeNoSupervisado.png, id=469, 371.13657pt x 
341.77687pt>
File: ../Images/MachineLearning/AprendizajeNoSupervisado.png Graphic file (type
 png)
<use ../Images/MachineLearning/AprendizajeNoSupervisado.png>
Package pdftex.def Info: ../Images/MachineLearning/AprendizajeNoSupervisado.png
  used on input line 91.
(pdftex.def)             Requested size: 138.2795pt x 127.34203pt.
<../Images/MachineLearning/AprendizajeSupervisado.png, id=471, 366.61969pt x 33
7.26pt>
File: ../Images/MachineLearning/AprendizajeSupervisado.png Graphic file (type p
ng)
<use ../Images/MachineLearning/AprendizajeSupervisado.png>
Package pdftex.def Info: ../Images/MachineLearning/AprendizajeSupervisado.png  
used on input line 91.
(pdftex.def)             Requested size: 138.2795pt x 127.20808pt.


[19

 <../Images/MachineLearning/AprendizajeNoSupervisado.png> <../Images/MachineLea
rning/AprendizajeSupervisado.png>]
File: ../Images/MachineLearning/AprendizajeNoSupervisado.png Graphic file (type
 png)
<use ../Images/MachineLearning/AprendizajeNoSupervisado.png>
Package pdftex.def Info: ../Images/MachineLearning/AprendizajeNoSupervisado.png
  used on input line 91.
(pdftex.def)             Requested size: 138.2795pt x 127.34203pt.
File: ../Images/MachineLearning/AprendizajeSupervisado.png Graphic file (type p
ng)
<use ../Images/MachineLearning/AprendizajeSupervisado.png>
Package pdftex.def Info: ../Images/MachineLearning/AprendizajeSupervisado.png  
used on input line 91.
(pdftex.def)             Requested size: 138.2795pt x 127.20808pt.


[20

]
<../Images/MachineLearning/Clustering.png, id=525, 370.38374pt x 342.5297pt>
File: ../Images/MachineLearning/Clustering.png Graphic file (type png)
<use ../Images/MachineLearning/Clustering.png>
Package pdftex.def Info: ../Images/MachineLearning/Clustering.png  used on inpu
t line 103.
(pdftex.def)             Requested size: 138.2795pt x 127.87862pt.
<../Images/MachineLearning/Clasificacion.png, id=526, 363.60844pt x 339.51843pt
>
File: ../Images/MachineLearning/Clasificacion.png Graphic file (type png)
<use ../Images/MachineLearning/Clasificacion.png>
Package pdftex.def Info: ../Images/MachineLearning/Clasificacion.png  used on i
nput line 103.
(pdftex.def)             Requested size: 138.2795pt x 129.12195pt.


[21

 <../Images/MachineLearning/Clustering.png> <../Images/MachineLearning/Clasific
acion.png>]
File: ../Images/MachineLearning/Clustering.png Graphic file (type png)
<use ../Images/MachineLearning/Clustering.png>
Package pdftex.def Info: ../Images/MachineLearning/Clustering.png  used on inpu
t line 103.
(pdftex.def)             Requested size: 138.2795pt x 127.87862pt.
File: ../Images/MachineLearning/Clasificacion.png Graphic file (type png)
<use ../Images/MachineLearning/Clasificacion.png>
Package pdftex.def Info: ../Images/MachineLearning/Clasificacion.png  used on i
nput line 103.
(pdftex.def)             Requested size: 138.2795pt x 129.12195pt.


[22

]
<../Images/RL/RL1.png, id=579, 738.50906pt x 323.70938pt>
File: ../Images/RL/RL1.png Graphic file (type png)
<use ../Images/RL/RL1.png>
Package pdftex.def Info: ../Images/RL/RL1.png  used on input line 112.
(pdftex.def)             Requested size: 307.28987pt x 134.69252pt.


[23

 <../Images/RL/RL1.png>]
<../Images/RL/RL2.png, id=606, 696.35156pt x 327.47343pt>
File: ../Images/RL/RL2.png Graphic file (type png)
<use ../Images/RL/RL2.png>
Package pdftex.def Info: ../Images/RL/RL2.png  used on input line 112.
(pdftex.def)             Requested size: 307.28987pt x 144.50848pt.


[24

 <../Images/RL/RL2.png>]
<../Images/RL/RL3.png, id=633, 750.55406pt x 325.215pt>
File: ../Images/RL/RL3.png Graphic file (type png)
<use ../Images/RL/RL3.png>
Package pdftex.def Info: ../Images/RL/RL3.png  used on input line 112.
(pdftex.def)             Requested size: 307.28987pt x 133.15044pt.


[25

 <../Images/RL/RL3.png>]

[26

]

[27

]

[28

]

[29

]

[30

]

[31

]

[32

]

[33

]

[34

]

[35

]
<../Images/RLExamples/TDGammon.png, id=913, 373.395pt x 303.38344pt>
File: ../Images/RLExamples/TDGammon.png Graphic file (type png)
<use ../Images/RLExamples/TDGammon.png>
Package pdftex.def Info: ../Images/RLExamples/TDGammon.png  used on input line 
160.
(pdftex.def)             Requested size: 138.2795pt x 112.35194pt.
<../Images/RLExamples/AlphaGo.png, id=914, 256.70906pt x 304.13625pt>
File: ../Images/RLExamples/AlphaGo.png Graphic file (type png)
<use ../Images/RLExamples/AlphaGo.png>
Package pdftex.def Info: ../Images/RLExamples/AlphaGo.png  used on input line 1
60.
(pdftex.def)             Requested size: 138.2795pt x 163.82738pt.


[36

 <../Images/RLExamples/TDGammon.png> <../Images/RLExamples/AlphaGo.png>]
File: ../Images/RLExamples/TDGammon.png Graphic file (type png)
<use ../Images/RLExamples/TDGammon.png>
Package pdftex.def Info: ../Images/RLExamples/TDGammon.png  used on input line 
160.
(pdftex.def)             Requested size: 138.2795pt x 112.35194pt.
File: ../Images/RLExamples/AlphaGo.png Graphic file (type png)
<use ../Images/RLExamples/AlphaGo.png>
Package pdftex.def Info: ../Images/RLExamples/AlphaGo.png  used on input line 1
60.
(pdftex.def)             Requested size: 138.2795pt x 163.82738pt.


[37

]
<../Images/RLExamples/Robotics.png, id=969, 543.53062pt x 306.39468pt>
File: ../Images/RLExamples/Robotics.png Graphic file (type png)
<use ../Images/RLExamples/Robotics.png>
Package pdftex.def Info: ../Images/RLExamples/Robotics.png  used on input line 
168.
(pdftex.def)             Requested size: 276.559pt x 155.9039pt.


[38

 <../Images/RLExamples/Robotics.png>]
<../Images/Medicine/Medicine1.png, id=996, 467.49657pt x 337.26pt>
File: ../Images/Medicine/Medicine1.png Graphic file (type png)
<use ../Images/Medicine/Medicine1.png>
Package pdftex.def Info: ../Images/Medicine/Medicine1.png  used on input line 1
73.
(pdftex.def)             Requested size: 276.559pt x 199.52202pt.


[39

 <../Images/Medicine/Medicine1.png>]
<../Images/Medicine/Medicine2.png, id=1023, 335.75438pt x 341.02406pt>
File: ../Images/Medicine/Medicine2.png Graphic file (type png)
<use ../Images/Medicine/Medicine2.png>
Package pdftex.def Info: ../Images/Medicine/Medicine2.png  used on input line 1
78.
(pdftex.def)             Requested size: 215.10196pt x 218.47841pt.


[40

 <../Images/Medicine/Medicine2.png>]
<../Images/NLP/NLP1.png, id=1050, 465.23813pt x 281.55188pt>
File: ../Images/NLP/NLP1.png Graphic file (type png)
<use ../Images/NLP/NLP1.png>
Package pdftex.def Info: ../Images/NLP/NLP1.png  used on input line 186.
(pdftex.def)             Requested size: 153.64493pt x 92.98114pt.
<../Images/NLP/NLP2.png, id=1051, 487.06969pt x 272.51813pt>
File: ../Images/NLP/NLP2.png Graphic file (type png)
<use ../Images/NLP/NLP2.png>
Package pdftex.def Info: ../Images/NLP/NLP2.png  used on input line 186.
(pdftex.def)             Requested size: 153.64493pt x 85.96425pt.


[41

 <../Images/NLP/NLP1.png> <../Images/NLP/NLP2.png>]
<../Images/RLExamples/AutonomousVehicle.png, id=1079, 394.47375pt x 295.85532pt
>
File: ../Images/RLExamples/AutonomousVehicle.png Graphic file (type png)
<use ../Images/RLExamples/AutonomousVehicle.png>
Package pdftex.def Info: ../Images/RLExamples/AutonomousVehicle.png  used on in
put line 192.
(pdftex.def)             Requested size: 215.10196pt x 161.32597pt.


[42

 <../Images/RLExamples/AutonomousVehicle.png>]
<../Images/RLExamples/EnergySystems.png, id=1106, 637.63219pt x 285.31593pt>
File: ../Images/RLExamples/EnergySystems.png Graphic file (type png)
<use ../Images/RLExamples/EnergySystems.png>
Package pdftex.def Info: ../Images/RLExamples/EnergySystems.png  used on input 
line 198.
(pdftex.def)             Requested size: 215.10196pt x 96.24861pt.


[43

 <../Images/RLExamples/EnergySystems.png>]

[44

]
File: ../Images/RL/RL3.png Graphic file (type png)
<use ../Images/RL/RL3.png>
Package pdftex.def Info: ../Images/RL/RL3.png  used on input line 219.
(pdftex.def)             Requested size: 245.83282pt x 106.51736pt.


[45

]
File: ../Images/RL/RL3.png Graphic file (type png)
<use ../Images/RL/RL3.png>
Package pdftex.def Info: ../Images/RL/RL3.png  used on input line 219.
(pdftex.def)             Requested size: 245.83282pt x 106.51736pt.


[46

]
<../Images/Market/Market4.png, id=1209, 751.30687pt x 261.22594pt>
File: ../Images/Market/Market4.png Graphic file (type png)
<use ../Images/Market/Market4.png>
Package pdftex.def Info: ../Images/Market/Market4.png  used on input line 237.
(pdftex.def)             Requested size: 291.92444pt x 101.503pt.


[47

 <../Images/Market/Market4.png>]
<../Images/Market/Market1.png, id=1236, 754.31813pt x 249.18094pt>
File: ../Images/Market/Market1.png Graphic file (type png)
<use ../Images/Market/Market1.png>
Package pdftex.def Info: ../Images/Market/Market1.png  used on input line 237.
(pdftex.def)             Requested size: 291.92444pt x 96.43114pt.
File: ../Images/Market/Market4.png Graphic file (type png)
<use ../Images/Market/Market4.png>
Package pdftex.def Info: ../Images/Market/Market4.png  used on input line 237.
(pdftex.def)             Requested size: 291.92444pt x 101.503pt.

Overfull \vbox (19.80548pt too high) detected at line 237
 []



[48

 <../Images/Market/Market1.png>]
<../Images/Market/Market2.png, id=1263, 751.30687pt x 264.99pt>
File: ../Images/Market/Market2.png Graphic file (type png)
<use ../Images/Market/Market2.png>
Package pdftex.def Info: ../Images/Market/Market2.png  used on input line 237.
(pdftex.def)             Requested size: 291.92444pt x 102.96559pt.
File: ../Images/Market/Market4.png Graphic file (type png)
<use ../Images/Market/Market4.png>
Package pdftex.def Info: ../Images/Market/Market4.png  used on input line 237.
(pdftex.def)             Requested size: 291.92444pt x 101.503pt.

Overfull \vbox (26.33994pt too high) detected at line 237
 []



[49

 <../Images/Market/Market2.png>]
<../Images/Market/Market3.png, id=1291, 989.6975pt x 346.29375pt>
File: ../Images/Market/Market3.png Graphic file (type png)
<use ../Images/Market/Market3.png>
Package pdftex.def Info: ../Images/Market/Market3.png  used on input line 237.
(pdftex.def)             Requested size: 291.92444pt x 102.13991pt.
File: ../Images/Market/Market4.png Graphic file (type png)
<use ../Images/Market/Market4.png>
Package pdftex.def Info: ../Images/Market/Market4.png  used on input line 237.
(pdftex.def)             Requested size: 291.92444pt x 101.503pt.

Overfull \vbox (25.51425pt too high) detected at line 237
 []



[50

 <../Images/Market/Market3.png>]
File: ../Images/Market/Market4.png Graphic file (type png)
<use ../Images/Market/Market4.png>
Package pdftex.def Info: ../Images/Market/Market4.png  used on input line 237.
(pdftex.def)             Requested size: 291.92444pt x 101.503pt.


[51

]
File: ../Images/Market/Market4.png Graphic file (type png)
<use ../Images/Market/Market4.png>
Package pdftex.def Info: ../Images/Market/Market4.png  used on input line 237.
(pdftex.def)             Requested size: 291.92444pt x 101.503pt.


[52

]
<../Images/MarkovProcess/MarkovProcess1.png, id=1368, 347.04657pt x 236.38312pt
>
File: ../Images/MarkovProcess/MarkovProcess1.png Graphic file (type png)
<use ../Images/MarkovProcess/MarkovProcess1.png>
Package pdftex.def Info: ../Images/MarkovProcess/MarkovProcess1.png  used on in
put line 293.
(pdftex.def)             Requested size: 111.54745pt x 75.97597pt.

Overfull \hbox (10.14124pt too wide) in paragraph at lines 293--293
[] 
 []



[53

 <../Images/MarkovProcess/MarkovProcess1.png>]
<../Images/MarkovProcess/MarkovProcess2.png, id=1400, 344.03531pt x 233.37187pt
>
File: ../Images/MarkovProcess/MarkovProcess2.png Graphic file (type png)
<use ../Images/MarkovProcess/MarkovProcess2.png>
Package pdftex.def Info: ../Images/MarkovProcess/MarkovProcess2.png  used on in
put line 293.
(pdftex.def)             Requested size: 111.54745pt x 75.6669pt.

Overfull \hbox (10.14124pt too wide) in paragraph at lines 293--293
[] 
 []



[54

 <../Images/MarkovProcess/MarkovProcess2.png>]
Overfull \hbox (26.232pt too wide) in paragraph at lines 293--293
[]  
 []

File: ../Images/MarkovProcess/MarkovProcess1.png Graphic file (type png)
<use ../Images/MarkovProcess/MarkovProcess1.png>
Package pdftex.def Info: ../Images/MarkovProcess/MarkovProcess1.png  used on in
put line 293.
(pdftex.def)             Requested size: 111.54745pt x 75.97597pt.

Overfull \hbox (10.14124pt too wide) in paragraph at lines 293--293
[] 
 []


Overfull \vbox (29.01747pt too high) detected at line 293
 []



[55

]
Overfull \hbox (26.232pt too wide) in paragraph at lines 293--293
[]  
 []

<../Images/MarkovProcess/MarkovProcess3.png, id=1453, 348.55219pt x 237.13594pt
>
File: ../Images/MarkovProcess/MarkovProcess3.png Graphic file (type png)
<use ../Images/MarkovProcess/MarkovProcess3.png>
Package pdftex.def Info: ../Images/MarkovProcess/MarkovProcess3.png  used on in
put line 293.
(pdftex.def)             Requested size: 111.54745pt x 75.88866pt.

Overfull \hbox (10.14124pt too wide) in paragraph at lines 293--293
[] 
 []


Overfull \vbox (29.01747pt too high) detected at line 293
 []



[56

 <../Images/MarkovProcess/MarkovProcess3.png>]
Overfull \hbox (26.232pt too wide) in paragraph at lines 293--293
[]  
 []

<../Images/MarkovProcess/MarkovProcess4.png, id=1480, 350.05782pt x 230.36063pt
>
File: ../Images/MarkovProcess/MarkovProcess4.png Graphic file (type png)
<use ../Images/MarkovProcess/MarkovProcess4.png>
Package pdftex.def Info: ../Images/MarkovProcess/MarkovProcess4.png  used on in
put line 293.
(pdftex.def)             Requested size: 111.54745pt x 73.40405pt.

Overfull \hbox (10.14124pt too wide) in paragraph at lines 293--293
[]  
 []


Overfull \vbox (29.01747pt too high) detected at line 293
 []



[57

 <../Images/MarkovProcess/MarkovProcess4.png>]
Overfull \hbox (26.232pt too wide) in paragraph at lines 293--293
[]  
 []

<../Images/MarkovProcess/MarkovProcess5.png, id=1507, 342.5297pt x 232.61906pt>

File: ../Images/MarkovProcess/MarkovProcess5.png Graphic file (type png)
<use ../Images/MarkovProcess/MarkovProcess5.png>
Package pdftex.def Info: ../Images/MarkovProcess/MarkovProcess5.png  used on in
put line 293.
(pdftex.def)             Requested size: 111.54745pt x 75.75291pt.

Overfull \hbox (10.14124pt too wide) in paragraph at lines 293--293
[]  
 []


Overfull \vbox (29.01747pt too high) detected at line 293
 []



[58

 <../Images/MarkovProcess/MarkovProcess5.png>]
Overfull \hbox (26.232pt too wide) in paragraph at lines 293--293
[]  
 []

File: ../Images/MarkovProcess/MarkovProcess1.png Graphic file (type png)
<use ../Images/MarkovProcess/MarkovProcess1.png>
Package pdftex.def Info: ../Images/MarkovProcess/MarkovProcess1.png  used on in
put line 293.
(pdftex.def)             Requested size: 111.54745pt x 75.97597pt.

Overfull \hbox (10.14124pt too wide) in paragraph at lines 293--293
[][]  
 []


Overfull \vbox (29.01747pt too high) detected at line 293
 []



[59

]
File: ../Images/MarkovProcess/MarkovProcess1.png Graphic file (type png)
<use ../Images/MarkovProcess/MarkovProcess1.png>
Package pdftex.def Info: ../Images/MarkovProcess/MarkovProcess1.png  used on in
put line 293.
(pdftex.def)             Requested size: 111.54745pt x 75.97597pt.

Overfull \hbox (10.14124pt too wide) in paragraph at lines 293--293
[][]  
 []



[60

]
File: ../Images/MarkovProcess/MarkovProcess1.png Graphic file (type png)
<use ../Images/MarkovProcess/MarkovProcess1.png>
Package pdftex.def Info: ../Images/MarkovProcess/MarkovProcess1.png  used on in
put line 293.
(pdftex.def)             Requested size: 111.54745pt x 75.97597pt.

Overfull \hbox (10.14124pt too wide) in paragraph at lines 293--293
[][]  
 []



[61

]
Overfull \hbox (22.05411pt too wide) in paragraph at lines 311--311
 [] 
 []


LaTeX Warning: Command \textquoteright invalid in math mode on input line 311.


LaTeX Warning: Command \textquoteright invalid in math mode on input line 311.

LaTeX Font Info:    Font shape `OT1/cmss/b/n' in size <10> not available
(Font)              Font shape `OT1/cmss/bx/n' tried instead on input line 311.

LaTeX Font Info:    Font shape `OT1/cmss/b/n' in size <7> not available
(Font)              Font shape `OT1/cmss/bx/n' tried instead on input line 311.

LaTeX Font Info:    Font shape `OT1/cmss/b/n' in size <5> not available
(Font)              Font shape `OT1/cmss/bx/n' tried instead on input line 311.


Overfull \hbox (13.1292pt too wide) detected at line 311
[]\OT1/cmss/m/n/10 (\OT1/mathkerncmss/m/sl/10 s[] \OT1/cmss/m/n/10 = []\OMS/cms
y/m/n/10 j\OT1/mathkerncmss/m/sl/10 s[] \OT1/cmss/m/n/10 = []) = \OT1/mathkernc
mss/m/sl/10 P\OT1/cmss/m/n/10 ([]\OML/cmm/m/it/10 ; []\OT1/cmss/m/n/10 ) = 0\OM
L/cmm/m/it/10 :\OT1/cmss/m/n/10 075
 []



[62

]
Overfull \hbox (22.05411pt too wide) in paragraph at lines 311--311
 [] 
 []

LaTeX Font Info:    Font shape `OT1/cmss/b/n' in size <10.95> not available
(Font)              Font shape `OT1/cmss/bx/n' tried instead on input line 311.

LaTeX Font Info:    Font shape `OT1/cmss/b/n' in size <8> not available
(Font)              Font shape `OT1/cmss/bx/n' tried instead on input line 311.

LaTeX Font Info:    Font shape `OT1/cmss/b/n' in size <6> not available
(Font)              Font shape `OT1/cmss/bx/n' tried instead on input line 311.


LaTeX Warning: Command \textquoteright invalid in math mode on input line 311.


LaTeX Warning: Command \textquoteright invalid in math mode on input line 311.


Overfull \hbox (13.1292pt too wide) detected at line 311
[]\OT1/cmss/m/n/10 (\OT1/mathkerncmss/m/sl/10 s[] \OT1/cmss/m/n/10 = []\OMS/cms
y/m/n/10 j\OT1/mathkerncmss/m/sl/10 s[] \OT1/cmss/m/n/10 = []) = \OT1/mathkernc
mss/m/sl/10 P\OT1/cmss/m/n/10 ([]\OML/cmm/m/it/10 ; []\OT1/cmss/m/n/10 ) = 0\OM
L/cmm/m/it/10 :\OT1/cmss/m/n/10 075
 []



[63

]
Overfull \hbox (22.05411pt too wide) in paragraph at lines 311--311
 [] 
 []


LaTeX Warning: Command \textquoteright invalid in math mode on input line 311.


LaTeX Warning: Command \textquoteright invalid in math mode on input line 311.


Overfull \hbox (13.1292pt too wide) detected at line 311
[]\OT1/cmss/m/n/10 (\OT1/mathkerncmss/m/sl/10 s[] \OT1/cmss/m/n/10 = []\OMS/cms
y/m/n/10 j\OT1/mathkerncmss/m/sl/10 s[] \OT1/cmss/m/n/10 = []) = \OT1/mathkernc
mss/m/sl/10 P\OT1/cmss/m/n/10 ([]\OML/cmm/m/it/10 ; []\OT1/cmss/m/n/10 ) = 0\OM
L/cmm/m/it/10 :\OT1/cmss/m/n/10 075
 []



[64

]
Overfull \hbox (22.05411pt too wide) in paragraph at lines 311--311
 [] 
 []


LaTeX Warning: Command \textquoteright invalid in math mode on input line 311.


LaTeX Warning: Command \textquoteright invalid in math mode on input line 311.


Overfull \hbox (13.1292pt too wide) detected at line 311
[]\OT1/cmss/m/n/10 (\OT1/mathkerncmss/m/sl/10 s[] \OT1/cmss/m/n/10 = []\OMS/cms
y/m/n/10 j\OT1/mathkerncmss/m/sl/10 s[] \OT1/cmss/m/n/10 = []) = \OT1/mathkernc
mss/m/sl/10 P\OT1/cmss/m/n/10 ([]\OML/cmm/m/it/10 ; []\OT1/cmss/m/n/10 ) = 0\OM
L/cmm/m/it/10 :\OT1/cmss/m/n/10 075
 []



[65

]
Overfull \hbox (22.05411pt too wide) in paragraph at lines 311--311
 [] 
 []


LaTeX Warning: Command \textquoteright invalid in math mode on input line 311.


LaTeX Warning: Command \textquoteright invalid in math mode on input line 311.


Overfull \hbox (13.1292pt too wide) detected at line 311
[]\OT1/cmss/m/n/10 (\OT1/mathkerncmss/m/sl/10 s[] \OT1/cmss/m/n/10 = []\OMS/cms
y/m/n/10 j\OT1/mathkerncmss/m/sl/10 s[] \OT1/cmss/m/n/10 = []) = \OT1/mathkernc
mss/m/sl/10 P\OT1/cmss/m/n/10 ([]\OML/cmm/m/it/10 ; []\OT1/cmss/m/n/10 ) = 0\OM
L/cmm/m/it/10 :\OT1/cmss/m/n/10 075
 []



[66

]
Overfull \hbox (22.05411pt too wide) in paragraph at lines 311--311
 [] 
 []


LaTeX Warning: Command \textquoteright invalid in math mode on input line 311.


LaTeX Warning: Command \textquoteright invalid in math mode on input line 311.


Overfull \hbox (13.1292pt too wide) detected at line 311
[]\OT1/cmss/m/n/10 (\OT1/mathkerncmss/m/sl/10 s[] \OT1/cmss/m/n/10 = []\OMS/cms
y/m/n/10 j\OT1/mathkerncmss/m/sl/10 s[] \OT1/cmss/m/n/10 = []) = \OT1/mathkernc
mss/m/sl/10 P\OT1/cmss/m/n/10 ([]\OML/cmm/m/it/10 ; []\OT1/cmss/m/n/10 ) = 0\OM
L/cmm/m/it/10 :\OT1/cmss/m/n/10 075
 []



[67

]
Overfull \hbox (22.05411pt too wide) in paragraph at lines 311--311
 [] 
 []


LaTeX Warning: Command \textquoteright invalid in math mode on input line 311.


LaTeX Warning: Command \textquoteright invalid in math mode on input line 311.


Overfull \hbox (13.1292pt too wide) detected at line 311
[]\OT1/cmss/m/n/10 (\OT1/mathkerncmss/m/sl/10 s[] \OT1/cmss/m/n/10 = []\OMS/cms
y/m/n/10 j\OT1/mathkerncmss/m/sl/10 s[] \OT1/cmss/m/n/10 = []) = \OT1/mathkernc
mss/m/sl/10 P\OT1/cmss/m/n/10 ([]\OML/cmm/m/it/10 ; []\OT1/cmss/m/n/10 ) = 0\OM
L/cmm/m/it/10 :\OT1/cmss/m/n/10 075
 []



[68

]
File: ../Images/MarkovProcess/MarkovProcess1.png Graphic file (type png)
<use ../Images/MarkovProcess/MarkovProcess1.png>
Package pdftex.def Info: ../Images/MarkovProcess/MarkovProcess1.png  used on in
put line 346.
(pdftex.def)             Requested size: 98.33162pt x 66.97673pt.

Overfull \hbox (66.01326pt too wide) detected at line 346
[][][] [][][][][][][][][] [][][][][][][] 
 []



[69

]
<../Images/MarkovProcess/MarkovProcess6.png, id=1814, 327.47343pt x 224.33812pt
>
File: ../Images/MarkovProcess/MarkovProcess6.png Graphic file (type png)
<use ../Images/MarkovProcess/MarkovProcess6.png>
Package pdftex.def Info: ../Images/MarkovProcess/MarkovProcess6.png  used on in
put line 346.
(pdftex.def)             Requested size: 98.33162pt x 67.36357pt.

Overfull \hbox (66.01326pt too wide) detected at line 346
[][][] [][][][][][][][][] [][][][][][][] 
 []



[70

 <../Images/MarkovProcess/MarkovProcess6.png>]
<../Images/MarkovProcess/MarkovProcess7.png, id=1841, 333.49594pt x 226.59656pt
>
File: ../Images/MarkovProcess/MarkovProcess7.png Graphic file (type png)
<use ../Images/MarkovProcess/MarkovProcess7.png>
Package pdftex.def Info: ../Images/MarkovProcess/MarkovProcess7.png  used on in
put line 346.
(pdftex.def)             Requested size: 98.33162pt x 66.81082pt.

Overfull \hbox (66.01326pt too wide) detected at line 346
[][][] [][][][][][][][][] [][][][][][][] 
 []



[71

 <../Images/MarkovProcess/MarkovProcess7.png>]
File: ../Images/MarkovProcess/MarkovProcess1.png Graphic file (type png)
<use ../Images/MarkovProcess/MarkovProcess1.png>
Package pdftex.def Info: ../Images/MarkovProcess/MarkovProcess1.png  used on in
put line 415.
(pdftex.def)             Requested size: 98.33162pt x 66.97673pt.

Overfull \hbox (66.01326pt too wide) detected at line 415
[][][] [][][][][][][][][] [][][][][][][] 
 []



[72

]
<../Images/MarkovProcess/MarkovProcess8.png, id=1893, 341.77687pt x 232.61906pt
>
File: ../Images/MarkovProcess/MarkovProcess8.png Graphic file (type png)
<use ../Images/MarkovProcess/MarkovProcess8.png>
Package pdftex.def Info: ../Images/MarkovProcess/MarkovProcess8.png  used on in
put line 415.
(pdftex.def)             Requested size: 98.33162pt x 66.92537pt.

Overfull \hbox (66.01326pt too wide) detected at line 415
[][][] [][][][][][][][][] [][][][][][][] 
 []



[73

 <../Images/MarkovProcess/MarkovProcess8.png>]
File: ../Images/MarkovProcess/MarkovProcess1.png Graphic file (type png)
<use ../Images/MarkovProcess/MarkovProcess1.png>
Package pdftex.def Info: ../Images/MarkovProcess/MarkovProcess1.png  used on in
put line 415.
(pdftex.def)             Requested size: 98.33162pt x 66.97673pt.

Overfull \hbox (66.01326pt too wide) detected at line 415
[][][] [][][][][][][][][] [][][][][][][] 
 []



[74

]
File: ../Images/MarkovProcess/MarkovProcess1.png Graphic file (type png)
<use ../Images/MarkovProcess/MarkovProcess1.png>
Package pdftex.def Info: ../Images/MarkovProcess/MarkovProcess1.png  used on in
put line 415.
(pdftex.def)             Requested size: 98.33162pt x 66.97673pt.

Overfull \hbox (66.01326pt too wide) detected at line 415
[][][] [][][][][][][][][] [][][][][][][] 
 []



[75

]
File: ../Images/MarkovProcess/MarkovProcess1.png Graphic file (type png)
<use ../Images/MarkovProcess/MarkovProcess1.png>
Package pdftex.def Info: ../Images/MarkovProcess/MarkovProcess1.png  used on in
put line 415.
(pdftex.def)             Requested size: 98.33162pt x 66.97673pt.

Overfull \hbox (66.01326pt too wide) detected at line 415
[][][] [][][][][][][][][] [][][][][][][] 
 []



[76

]
File: ../Images/MarkovProcess/MarkovProcess1.png Graphic file (type png)
<use ../Images/MarkovProcess/MarkovProcess1.png>
Package pdftex.def Info: ../Images/MarkovProcess/MarkovProcess1.png  used on in
put line 415.
(pdftex.def)             Requested size: 98.33162pt x 66.97673pt.

Overfull \hbox (66.01326pt too wide) detected at line 415
[][][] [][][][][][][][][] [][][][][][][] 
 []



[77

]
File: ../Images/MarkovProcess/MarkovProcess1.png Graphic file (type png)
<use ../Images/MarkovProcess/MarkovProcess1.png>
Package pdftex.def Info: ../Images/MarkovProcess/MarkovProcess1.png  used on in
put line 415.
(pdftex.def)             Requested size: 98.33162pt x 66.97673pt.

Overfull \hbox (66.01326pt too wide) detected at line 415
[][][] [][][][][][][][][] [][][][][][][] 
 []



[78

]
File: ../Images/MarkovProcess/MarkovProcess1.png Graphic file (type png)
<use ../Images/MarkovProcess/MarkovProcess1.png>
Package pdftex.def Info: ../Images/MarkovProcess/MarkovProcess1.png  used on in
put line 415.
(pdftex.def)             Requested size: 98.33162pt x 66.97673pt.

Overfull \hbox (66.01326pt too wide) detected at line 415
[][][] [][][][][][][][][] [][][][][][][] 
 []



[79

]
LaTeX Font Info:    Font shape `OT1/cmss/b/n' in size <12> not available
(Font)              Font shape `OT1/cmss/bx/n' tried instead on input line 461.



[80

]

[81

]

[82

]

[83

]

[84

]

[85

]

[86

]

[87

]

[88

]

[89

]

[90

]

[91

]

[92

]

[93

]

[94

]

[95

]

[96

]
<../Images/PageRank/PageRank1.png, id=2502, 749.80125pt x 234.1247pt>
File: ../Images/PageRank/PageRank1.png Graphic file (type png)
<use ../Images/PageRank/PageRank1.png>
Package pdftex.def Info: ../Images/PageRank/PageRank1.png  used on input line 5
63.
(pdftex.def)             Requested size: 338.02072pt x 105.54803pt.

Overfull \hbox (30.73085pt too wide) in paragraph at lines 563--563
[]  
 []



[97

 <../Images/PageRank/PageRank1.png>]
<../Images/PageRank/PageRank2.png, id=2530, 749.80125pt x 239.39438pt>
File: ../Images/PageRank/PageRank2.png Graphic file (type png)
<use ../Images/PageRank/PageRank2.png>
Package pdftex.def Info: ../Images/PageRank/PageRank2.png  used on input line 5
63.
(pdftex.def)             Requested size: 338.02072pt x 107.92372pt.

Overfull \hbox (30.73085pt too wide) in paragraph at lines 563--563
[][]  
 []



[98

 <../Images/PageRank/PageRank2.png>]
<../Images/RLExamples/MarketCompetition.png, id=2557, 377.15906pt x 234.8775pt>

File: ../Images/RLExamples/MarketCompetition.png Graphic file (type png)
<use ../Images/RLExamples/MarketCompetition.png>
Package pdftex.def Info: ../Images/RLExamples/MarketCompetition.png  used on in
put line 572.
(pdftex.def)             Requested size: 245.83282pt x 153.09146pt.


[99

 <../Images/RLExamples/MarketCompetition.png>]
File: ../Images/RLExamples/MarketCompetition.png Graphic file (type png)
<use ../Images/RLExamples/MarketCompetition.png>
Package pdftex.def Info: ../Images/RLExamples/MarketCompetition.png  used on in
put line 572.
(pdftex.def)             Requested size: 245.83282pt x 153.09146pt.


[100

]
Overfull \vbox (18.53682pt too high) detected at line 650
 []



[101

]

[102

]

[103

]

[104

]

[105

]
<../Images/RLExamples/MarketShare.png, id=2736, 409.7709pt x 312.2064pt>
File: ../Images/RLExamples/MarketShare.png Graphic file (type png)
<use ../Images/RLExamples/MarketShare.png>
Package pdftex.def Info: ../Images/RLExamples/MarketShare.png  used on input li
ne 682.
(pdftex.def)             Requested size: 307.28987pt x 234.13516pt.


[106

 <../Images/RLExamples/MarketShare.png>]
\tf@nav=\write6
\openout6 = `Clase1.nav'.

\tf@toc=\write7
\openout7 = `Clase1.toc'.

\tf@snm=\write8
\openout8 = `Clase1.snm'.

 (Clase1.aux)
 ***********
LaTeX2e <2025-06-01> patch level 1
L3 programming layer <2025-06-09>
 ***********
Package rerunfilecheck Info: File `Clase1.out' has not changed.
(rerunfilecheck)             Checksum: D41D8CD98F00B204E9800998ECF8427E;0.
 ) 
Here is how much of TeX's memory you used:
 22072 strings out of 468221
 432542 string characters out of 5432892
 805471 words of memory out of 5000000
 49942 multiletter control sequences out of 15000+600000
 644591 words of font info for 103 fonts, out of 8000000 for 9000
 1141 hyphenation exceptions out of 8191
 128i,16n,123p,404b,832s stack positions out of 10000i,1000n,20000p,200000b,200000s
<C:/Users/danie/AppData/Local/Programs/MiKTeX/fonts/type1/public/amsfonts/cm/
cmex10.pfb><C:/Users/danie/AppData/Local/Programs/MiKTeX/fonts/type1/public/ams
fonts/cm/cmmi10.pfb><C:/Users/danie/AppData/Local/Programs/MiKTeX/fonts/type1/p
ublic/amsfonts/cm/cmmi12.pfb><C:/Users/danie/AppData/Local/Programs/MiKTeX/font
s/type1/public/amsfonts/cm/cmr10.pfb><C:/Users/danie/AppData/Local/Programs/MiK
TeX/fonts/type1/public/amsfonts/cm/cmss10.pfb><C:/Users/danie/AppData/Local/Pro
grams/MiKTeX/fonts/type1/public/amsfonts/cm/cmss12.pfb><C:/Users/danie/AppData/
Local/Programs/MiKTeX/fonts/type1/public/amsfonts/cm/cmss8.pfb><C:/Users/danie/
AppData/Local/Programs/MiKTeX/fonts/type1/public/amsfonts/cm/cmss9.pfb><C:/User
s/danie/AppData/Local/Programs/MiKTeX/fonts/type1/public/amsfonts/cm/cmssbx10.p
fb><C:/Users/danie/AppData/Local/Programs/MiKTeX/fonts/type1/public/amsfonts/cm
/cmssi10.pfb><C:/Users/danie/AppData/Local/Programs/MiKTeX/fonts/type1/public/a
msfonts/cm/cmssi12.pfb><C:/Users/danie/AppData/Local/Programs/MiKTeX/fonts/type
1/public/amsfonts/cm/cmssi8.pfb><C:/Users/danie/AppData/Local/Programs/MiKTeX/f
onts/type1/public/amsfonts/cm/cmsy10.pfb><C:/Users/danie/AppData/Local/Programs
/MiKTeX/fonts/type1/public/amsfonts/cm/cmsy7.pfb><C:/Users/danie/AppData/Local/
Programs/MiKTeX/fonts/type1/public/amsfonts/cm/cmsy8.pfb><C:/Users/danie/AppDat
a/Local/Programs/MiKTeX/fonts/type1/public/amsfonts/symbols/msam10.pfb>
Output written on Clase1.pdf (106 pages, 3486084 bytes).
PDF statistics:
 2878 PDF objects out of 2984 (max. 8388607)
 213 named destinations out of 1000 (max. 500000)
 203 words of extra memory for PDF output out of 10000 (max. 10000000)

